[
  {
    "line": 1,
    "elements": [
      {
        "before": [
          {
            "result": {
              "duration": 4110739100,
              "status": "passed"
            },
            "match": {
              "location": "Hooks.setUp()"
            }
          }
        ],
        "line": 4,
        "name": "verifyProductAddedToShoppingCartSuccessFully()",
        "description": "",
        "id": "desktop-test;verifyproductaddedtoshoppingcartsuccessfully()",
        "after": [
          {
            "result": {
              "duration": 830807600,
              "status": "passed"
            },
            "match": {
              "location": "Hooks.tearDown(Scenario)"
            }
          }
        ],
        "type": "scenario",
        "keyword": "Scenario",
        "steps": [
          {
            "result": {
              "duration": 117883900,
              "status": "passed"
            },
            "line": 5,
            "name": "I am on Home page",
            "match": {
              "location": "HomePageSteps.iAmOnHomePage()"
            },
            "keyword": "Given "
          },
          {
            "result": {
              "duration": 88655100,
              "status": "passed"
            },
            "line": 6,
            "name": "Click on currency link",
            "match": {
              "location": "DesktopSteps.clickOnCurrencyLink()"
            },
            "keyword": "When "
          },
          {
            "result": {
              "duration": 549855300,
              "status": "passed"
            },
            "line": 7,
            "name": "chane currency to pound",
            "match": {
              "location": "DesktopSteps.chaneCurrencyToPound()"
            },
            "keyword": "And "
          },
          {
            "result": {
              "duration": 65373100,
              "status": "passed"
            },
            "line": 8,
            "name": "Mouse hover on Desktops Tab and click",
            "match": {
              "location": "DesktopSteps.mouseHoverOnDesktopsTabAndClick()"
            },
            "keyword": "And "
          },
          {
            "result": {
              "duration": 762666400,
              "status": "passed"
            },
            "line": 9,
            "name": "Click on Show All Desktops",
            "match": {
              "location": "DesktopSteps.clickOnShowAllDesktops()"
            },
            "keyword": "And "
          },
          {
            "result": {
              "duration": 484246200,
              "status": "passed"
            },
            "line": 10,
            "name": "Select Sort By position Name A to Z",
            "match": {
              "location": "DesktopSteps.selectSortByPositionNameAToZ()"
            },
            "keyword": "And "
          },
          {
            "result": {
              "duration": 221700,
              "error_message": "cucumber.runtime.CucumberException: Arity mismatch: Step Definition \u0027com.tutorialsninja.demo.cucumber.steps.DesktopSteps.selectProductHPLP() in file:/C:/Users/viren/IdeaProjects/com.tutorialsninja.demo-wk-16-virenpatel/target/test-classes/\u0027 with pattern [^Select product HP LP(\\d+)$] is declared with 0 parameters. However, the gherkin step has 1 arguments [3065]. \nStep: And Select product HP LP3065\r\n\tat cucumber.runtime.StepDefinitionMatch.arityMismatch(StepDefinitionMatch.java:102)\r\n\tat cucumber.runtime.StepDefinitionMatch.transformedArgs(StepDefinitionMatch.java:60)\r\n\tat cucumber.runtime.StepDefinitionMatch.runStep(StepDefinitionMatch.java:37)\r\n\tat cucumber.runtime.Runtime.runStep(Runtime.java:300)\r\n\tat cucumber.runtime.model.StepContainer.runStep(StepContainer.java:44)\r\n\tat cucumber.runtime.model.StepContainer.runSteps(StepContainer.java:39)\r\n\tat cucumber.runtime.model.CucumberScenario.run(CucumberScenario.java:44)\r\n\tat cucumber.runtime.junit.ExecutionUnitRunner.run(ExecutionUnitRunner.java:102)\r\n\tat cucumber.runtime.junit.FeatureRunner.runChild(FeatureRunner.java:63)\r\n\tat cucumber.runtime.junit.FeatureRunner.runChild(FeatureRunner.java:18)\r\n\tat org.junit.runners.ParentRunner$4.run(ParentRunner.java:331)\r\n\tat org.junit.runners.ParentRunner$1.schedule(ParentRunner.java:79)\r\n\tat org.junit.runners.ParentRunner.runChildren(ParentRunner.java:329)\r\n\tat org.junit.runners.ParentRunner.access$100(ParentRunner.java:66)\r\n\tat org.junit.runners.ParentRunner$2.evaluate(ParentRunner.java:293)\r\n\tat org.junit.runners.ParentRunner$3.evaluate(ParentRunner.java:306)\r\n\tat org.junit.runners.ParentRunner.run(ParentRunner.java:413)\r\n\tat cucumber.runtime.junit.FeatureRunner.run(FeatureRunner.java:70)\r\n\tat cucumber.api.junit.Cucumber.runChild(Cucumber.java:95)\r\n\tat cucumber.api.junit.Cucumber.runChild(Cucumber.java:38)\r\n\tat org.junit.runners.ParentRunner$4.run(ParentRunner.java:331)\r\n\tat org.junit.runners.ParentRunner$1.schedule(ParentRunner.java:79)\r\n\tat org.junit.runners.ParentRunner.runChildren(ParentRunner.java:329)\r\n\tat org.junit.runners.ParentRunner.access$100(ParentRunner.java:66)\r\n\tat org.junit.runners.ParentRunner$2.evaluate(ParentRunner.java:293)\r\n\tat org.junit.internal.runners.statements.RunAfters.evaluate(RunAfters.java:27)\r\n\tat org.junit.runners.ParentRunner$3.evaluate(ParentRunner.java:306)\r\n\tat org.junit.runners.ParentRunner.run(ParentRunner.java:413)\r\n\tat cucumber.api.junit.Cucumber.run(Cucumber.java:100)\r\n\tat org.junit.runner.JUnitCore.run(JUnitCore.java:137)\r\n\tat com.intellij.junit4.JUnit4IdeaTestRunner.startRunnerWithArgs(JUnit4IdeaTestRunner.java:69)\r\n\tat com.intellij.rt.junit.IdeaTestRunner$Repeater$1.execute(IdeaTestRunner.java:38)\r\n\tat com.intellij.rt.execution.junit.TestsRepeater.repeat(TestsRepeater.java:11)\r\n\tat com.intellij.rt.junit.IdeaTestRunner$Repeater.startRunnerWithArgs(IdeaTestRunner.java:35)\r\n\tat com.intellij.rt.junit.JUnitStarter.prepareStreamsAndStart(JUnitStarter.java:235)\r\n\tat com.intellij.rt.junit.JUnitStarter.main(JUnitStarter.java:54)\r\n",
              "status": "failed"
            },
            "line": 11,
            "name": "Select product HP LP3065",
            "match": {
              "arguments": [
                {
                  "val": "3065",
                  "offset": 20
                }
              ],
              "location": "DesktopSteps.selectProductHPLP()"
            },
            "keyword": "And "
          },
          {
            "result": {
              "status": "skipped"
            },
            "line": 12,
            "name": "Verify the Text HP LP3065",
            "match": {
              "arguments": [
                {
                  "val": "3065",
                  "offset": 21
                }
              ],
              "location": "DesktopSteps.verifyTheTextHPLP()"
            },
            "keyword": "And "
          },
          {
            "result": {
              "status": "skipped"
            },
            "line": 13,
            "name": "Select Delivery Date 2022-11-30",
            "match": {
              "arguments": [
                {
                  "val": "2022",
                  "offset": 21
                },
                {
                  "val": "11",
                  "offset": 26
                },
                {
                  "val": "30",
                  "offset": 29
                }
              ],
              "location": "DesktopSteps.selectDeliveryDate()"
            },
            "keyword": "And "
          },
          {
            "result": {
              "status": "skipped"
            },
            "comments": [
              {
                "line": 14,
                "value": "#    And Enter Qty 1 using Select class"
              }
            ],
            "line": 15,
            "name": "Click on Add to Cart button",
            "match": {
              "location": "DesktopSteps.clickOnAddToCartButton()"
            },
            "keyword": "And "
          },
          {
            "result": {
              "status": "skipped"
            },
            "line": 16,
            "name": "Verify the Message Success: You have added HP LP3065 to your shopping cart",
            "match": {
              "arguments": [
                {
                  "val": "3065",
                  "offset": 48
                }
              ],
              "location": "DesktopSteps.verifyTheMessageSuccessYouHaveAddedHPLPToYourShoppingCart()"
            },
            "keyword": "And "
          },
          {
            "result": {
              "status": "skipped"
            },
            "line": 17,
            "name": "Click on link shopping cart display into success message",
            "match": {
              "location": "LaptopAndNoteBooksSteps.clickOnLinkShoppingCartDisplayIntoSuccessMessage1()"
            },
            "keyword": "And "
          },
          {
            "result": {
              "status": "skipped"
            },
            "line": 18,
            "name": "Verify the text Shopping Cart",
            "match": {
              "location": "DesktopSteps.verifyTheTextShoppingCart()"
            },
            "keyword": "And "
          },
          {
            "result": {
              "status": "skipped"
            },
            "line": 19,
            "name": "Verify the Product name HP LP3065",
            "match": {
              "arguments": [
                {
                  "val": "3065",
                  "offset": 29
                }
              ],
              "location": "DesktopSteps.verifyTheProductNameHPLP()"
            },
            "keyword": "And "
          },
          {
            "result": {
              "status": "skipped"
            },
            "comments": [
              {
                "line": 20,
                "value": "#    And Verify the Delivery Date 2022-11-30"
              }
            ],
            "line": 21,
            "name": "Verify the Model Product21",
            "match": {
              "arguments": [
                {
                  "val": "21",
                  "offset": 24
                }
              ],
              "location": "DesktopSteps.verifyTheModelProduct()"
            },
            "keyword": "And "
          },
          {
            "result": {
              "status": "skipped"
            },
            "line": 22,
            "name": "Verify the Total £74.73",
            "match": {
              "arguments": [
                {
                  "val": "74",
                  "offset": 18
                },
                {
                  "val": "73",
                  "offset": 21
                }
              ],
              "location": "DesktopSteps.verifyTheTodat£()"
            },
            "keyword": "Then "
          }
        ]
      }
    ],
    "name": "Desktop Test",
    "description": "as a user I want to check Desktop menu",
    "id": "desktop-test",
    "keyword": "Feature",
    "uri": "desktops.feature"
  },
  {
    "line": 1,
    "elements": [
      {
        "before": [
          {
            "result": {
              "duration": 2830478200,
              "status": "passed"
            },
            "match": {
              "location": "Hooks.setUp()"
            }
          }
        ],
        "line": 4,
        "name": "verifyUserShouldNavigateToDesktopsPageSuccessfully",
        "description": "",
        "id": "topmenu-test;verifyusershouldnavigatetodesktopspagesuccessfully",
        "after": [
          {
            "result": {
              "duration": 651173000,
              "status": "passed"
            },
            "match": {
              "location": "Hooks.tearDown(Scenario)"
            }
          }
        ],
        "type": "scenario",
        "keyword": "Scenario",
        "steps": [
          {
            "result": {
              "duration": 24600,
              "status": "passed"
            },
            "line": 5,
            "name": "I am on Home page",
            "match": {
              "location": "HomePageSteps.iAmOnHomePage()"
            },
            "keyword": "Given "
          },
          {
            "result": {
              "duration": 74396700,
              "status": "passed"
            },
            "line": 6,
            "name": "Mouse hover on “Desktops” Tab and click",
            "match": {
              "location": "HomePageSteps.mouseHoverOnDesktopsTabAndClick()"
            },
            "keyword": "When "
          },
          {
            "result": {
              "duration": 783352900,
              "status": "passed"
            },
            "line": 7,
            "name": "call selectMenu method and pass the menu \u003d Show All Desktops",
            "match": {
              "location": "HomePageSteps.callSelectMenuMethodAndPassTheMenuShowAllDesktops()"
            },
            "keyword": "And "
          },
          {
            "result": {
              "duration": 33101600,
              "status": "passed"
            },
            "line": 8,
            "name": "Verify the text ‘Desktops’",
            "match": {
              "location": "HomePageSteps.verifyTheTextDesktops()"
            },
            "keyword": "Then "
          }
        ]
      },
      {
        "before": [
          {
            "result": {
              "duration": 2652968700,
              "status": "passed"
            },
            "match": {
              "location": "Hooks.setUp()"
            }
          }
        ],
        "line": 10,
        "name": "verifyUserShouldNavigateToLaptopsAndNotebooksPageSuccessfully",
        "description": "",
        "id": "topmenu-test;verifyusershouldnavigatetolaptopsandnotebookspagesuccessfully",
        "after": [
          {
            "result": {
              "duration": 866584600,
              "status": "passed"
            },
            "match": {
              "location": "Hooks.tearDown(Scenario)"
            }
          }
        ],
        "type": "scenario",
        "keyword": "Scenario",
        "steps": [
          {
            "result": {
              "duration": 73879100,
              "status": "passed"
            },
            "line": 11,
            "name": "Mouse hover on “Laptops \u0026 Notebooks” Tab and click",
            "match": {
              "location": "HomePageSteps.mouseHoverOnLaptopsNotebooksTabAndClick()"
            },
            "keyword": "When "
          },
          {
            "result": {
              "duration": 599819900,
              "status": "passed"
            },
            "line": 12,
            "name": "call selectMenu method and pass the menu \u003d Show All Laptops \u0026 Notebooks",
            "match": {
              "location": "HomePageSteps.callSelectMenuMethodAndPassTheMenuShowAllLaptopsNotebooks()"
            },
            "keyword": "And "
          },
          {
            "result": {
              "duration": 136000,
              "error_message": "cucumber.runtime.CucumberException: Arity mismatch: Step Definition \u0027com.tutorialsninja.demo.cucumber.steps.HomePageSteps.verifyTheTextLaptopsNotebooks(int,int) in file:/C:/Users/viren/IdeaProjects/com.tutorialsninja.demo-wk-16-virenpatel/target/test-classes/\u0027 with pattern [^Verify the text ‘Laptops \u0026 Notebooks’$] is declared with 2 parameters. However, the gherkin step has 0 arguments []. \nStep: Then Verify the text ‘Laptops \u0026 Notebooks’\r\n\tat cucumber.runtime.StepDefinitionMatch.arityMismatch(StepDefinitionMatch.java:102)\r\n\tat cucumber.runtime.StepDefinitionMatch.transformedArgs(StepDefinitionMatch.java:60)\r\n\tat cucumber.runtime.StepDefinitionMatch.runStep(StepDefinitionMatch.java:37)\r\n\tat cucumber.runtime.Runtime.runStep(Runtime.java:300)\r\n\tat cucumber.runtime.model.StepContainer.runStep(StepContainer.java:44)\r\n\tat cucumber.runtime.model.StepContainer.runSteps(StepContainer.java:39)\r\n\tat cucumber.runtime.model.CucumberScenario.run(CucumberScenario.java:44)\r\n\tat cucumber.runtime.junit.ExecutionUnitRunner.run(ExecutionUnitRunner.java:102)\r\n\tat cucumber.runtime.junit.FeatureRunner.runChild(FeatureRunner.java:63)\r\n\tat cucumber.runtime.junit.FeatureRunner.runChild(FeatureRunner.java:18)\r\n\tat org.junit.runners.ParentRunner$4.run(ParentRunner.java:331)\r\n\tat org.junit.runners.ParentRunner$1.schedule(ParentRunner.java:79)\r\n\tat org.junit.runners.ParentRunner.runChildren(ParentRunner.java:329)\r\n\tat org.junit.runners.ParentRunner.access$100(ParentRunner.java:66)\r\n\tat org.junit.runners.ParentRunner$2.evaluate(ParentRunner.java:293)\r\n\tat org.junit.runners.ParentRunner$3.evaluate(ParentRunner.java:306)\r\n\tat org.junit.runners.ParentRunner.run(ParentRunner.java:413)\r\n\tat cucumber.runtime.junit.FeatureRunner.run(FeatureRunner.java:70)\r\n\tat cucumber.api.junit.Cucumber.runChild(Cucumber.java:95)\r\n\tat cucumber.api.junit.Cucumber.runChild(Cucumber.java:38)\r\n\tat org.junit.runners.ParentRunner$4.run(ParentRunner.java:331)\r\n\tat org.junit.runners.ParentRunner$1.schedule(ParentRunner.java:79)\r\n\tat org.junit.runners.ParentRunner.runChildren(ParentRunner.java:329)\r\n\tat org.junit.runners.ParentRunner.access$100(ParentRunner.java:66)\r\n\tat org.junit.runners.ParentRunner$2.evaluate(ParentRunner.java:293)\r\n\tat org.junit.internal.runners.statements.RunAfters.evaluate(RunAfters.java:27)\r\n\tat org.junit.runners.ParentRunner$3.evaluate(ParentRunner.java:306)\r\n\tat org.junit.runners.ParentRunner.run(ParentRunner.java:413)\r\n\tat cucumber.api.junit.Cucumber.run(Cucumber.java:100)\r\n\tat org.junit.runner.JUnitCore.run(JUnitCore.java:137)\r\n\tat com.intellij.junit4.JUnit4IdeaTestRunner.startRunnerWithArgs(JUnit4IdeaTestRunner.java:69)\r\n\tat com.intellij.rt.junit.IdeaTestRunner$Repeater$1.execute(IdeaTestRunner.java:38)\r\n\tat com.intellij.rt.execution.junit.TestsRepeater.repeat(TestsRepeater.java:11)\r\n\tat com.intellij.rt.junit.IdeaTestRunner$Repeater.startRunnerWithArgs(IdeaTestRunner.java:35)\r\n\tat com.intellij.rt.junit.JUnitStarter.prepareStreamsAndStart(JUnitStarter.java:235)\r\n\tat com.intellij.rt.junit.JUnitStarter.main(JUnitStarter.java:54)\r\n",
              "status": "failed"
            },
            "line": 13,
            "name": "Verify the text ‘Laptops \u0026 Notebooks’",
            "match": {
              "location": "HomePageSteps.verifyTheTextLaptopsNotebooks(int,int)"
            },
            "keyword": "Then "
          }
        ]
      },
      {
        "before": [
          {
            "result": {
              "duration": 2802116000,
              "status": "passed"
            },
            "match": {
              "location": "Hooks.setUp()"
            }
          }
        ],
        "line": 15,
        "name": "verifyUserShouldNavigateToComponentsPageSuccessfully",
        "description": "",
        "id": "topmenu-test;verifyusershouldnavigatetocomponentspagesuccessfully",
        "after": [
          {
            "result": {
              "duration": 1033394100,
              "status": "passed"
            },
            "match": {
              "location": "Hooks.tearDown(Scenario)"
            }
          }
        ],
        "type": "scenario",
        "keyword": "Scenario",
        "steps": [
          {
            "result": {
              "duration": 77386700,
              "status": "passed"
            },
            "line": 16,
            "name": "Mouse hover on “Components” Tab and click",
            "match": {
              "location": "HomePageSteps.mouseHoverOnComponentsTabAndClick()"
            },
            "keyword": "When "
          },
          {
            "result": {
              "duration": 57849100,
              "status": "passed"
            },
            "line": 17,
            "name": "call selectMenu method and pass the menu \u003d Show All Components",
            "match": {
              "location": "HomePageSteps.callSelectMenuMethodAndPassTheMenuShowAllComponents()"
            },
            "keyword": "And "
          },
          {
            "result": {
              "duration": 40108148400,
              "error_message": "org.openqa.selenium.NoSuchElementException: no such element: Unable to locate element: {\"method\":\"xpath\",\"selector\":\"//h2[contains(text(),\u0027Components\u0027)]\"}\n  (Session info: chrome\u003d108.0.5359.125)\nFor documentation on this error, please visit: https://selenium.dev/exceptions/#no_such_element\nBuild info: version: \u00274.6.0\u0027, revision: \u002779f1c02ae20\u0027\nSystem info: os.name: \u0027Windows 10\u0027, os.arch: \u0027amd64\u0027, os.version: \u002710.0\u0027, java.version: \u00271.8.0_121\u0027\nDriver info: org.openqa.selenium.chrome.ChromeDriver\nCommand: [ee55f7b5b5f10119a37ca6fc5beeabc3, findElement {using\u003dxpath, value\u003d//h2[contains(text(),\u0027Components\u0027)]}]\nCapabilities {acceptInsecureCerts: false, browserName: chrome, browserVersion: 108.0.5359.125, chrome: {chromedriverVersion: 108.0.5359.71 (1e0e3868ee06..., userDataDir: C:\\Users\\viren\\AppData\\Loca...}, goog:chromeOptions: {debuggerAddress: localhost:52684}, networkConnectionEnabled: false, pageLoadStrategy: normal, platformName: WINDOWS, proxy: Proxy(), se:cdp: ws://localhost:52684/devtoo..., se:cdpVersion: 108.0.5359.125, setWindowRect: true, strictFileInteractability: false, timeouts: {implicit: 0, pageLoad: 300000, script: 30000}, unhandledPromptBehavior: dismiss and notify, webauthn:extension:credBlob: true, webauthn:extension:largeBlob: true, webauthn:virtualAuthenticators: true}\nSession ID: ee55f7b5b5f10119a37ca6fc5beeabc3\r\n\tat sun.reflect.NativeConstructorAccessorImpl.newInstance0(Native Method)\r\n\tat sun.reflect.NativeConstructorAccessorImpl.newInstance(NativeConstructorAccessorImpl.java:62)\r\n\tat sun.reflect.DelegatingConstructorAccessorImpl.newInstance(DelegatingConstructorAccessorImpl.java:45)\r\n\tat java.lang.reflect.Constructor.newInstance(Constructor.java:423)\r\n\tat org.openqa.selenium.remote.codec.w3c.W3CHttpResponseCodec.createException(W3CHttpResponseCodec.java:200)\r\n\tat org.openqa.selenium.remote.codec.w3c.W3CHttpResponseCodec.decode(W3CHttpResponseCodec.java:133)\r\n\tat org.openqa.selenium.remote.codec.w3c.W3CHttpResponseCodec.decode(W3CHttpResponseCodec.java:53)\r\n\tat org.openqa.selenium.remote.HttpCommandExecutor.execute(HttpCommandExecutor.java:184)\r\n\tat org.openqa.selenium.remote.service.DriverCommandExecutor.invokeExecute(DriverCommandExecutor.java:167)\r\n\tat org.openqa.selenium.remote.service.DriverCommandExecutor.execute(DriverCommandExecutor.java:142)\r\n\tat org.openqa.selenium.remote.RemoteWebDriver.execute(RemoteWebDriver.java:541)\r\n\tat org.openqa.selenium.remote.ElementLocation$ElementFinder$2.findElement(ElementLocation.java:162)\r\n\tat org.openqa.selenium.remote.ElementLocation.findElement(ElementLocation.java:60)\r\n\tat org.openqa.selenium.remote.RemoteWebDriver.findElement(RemoteWebDriver.java:365)\r\n\tat org.openqa.selenium.remote.RemoteWebDriver.findElement(RemoteWebDriver.java:357)\r\n\tat org.openqa.selenium.support.pagefactory.DefaultElementLocator.findElement(DefaultElementLocator.java:70)\r\n\tat org.openqa.selenium.support.pagefactory.internal.LocatingElementHandler.invoke(LocatingElementHandler.java:39)\r\n\tat com.sun.proxy.$Proxy24.getText(Unknown Source)\r\n\tat com.tutorialsninja.demo.utility.Utility.getTextFromElement(Utility.java:62)\r\n\tat com.tutorialsninja.demo.pages.HomePage.getVerifyText2(HomePage.java:74)\r\n\tat com.tutorialsninja.demo.cucumber.steps.HomePageSteps.verifyTheTextComponents(HomePageSteps.java:58)\r\n\tat ✽.Then Verify the text ‘Components’(homepage.feature:18)\r\n",
              "status": "failed"
            },
            "line": 18,
            "name": "Verify the text ‘Components’",
            "match": {
              "location": "HomePageSteps.verifyTheTextComponents()"
            },
            "keyword": "Then "
          }
        ]
      }
    ],
    "name": "TopMenu Test",
    "description": "as a user I want to check topmenu Tab",
    "id": "topmenu-test",
    "keyword": "Feature",
    "uri": "homepage.feature"
  },
  {
    "line": 1,
    "elements": [
      {
        "before": [
          {
            "result": {
              "duration": 6073196300,
              "status": "passed"
            },
            "match": {
              "location": "Hooks.setUp()"
            }
          }
        ],
        "line": 4,
        "name": "verifyProductsPriceDisplayHighToLowSuccessfully()",
        "description": "",
        "id": "laptop-and-notebooks-test;verifyproductspricedisplayhightolowsuccessfully()",
        "after": [
          {
            "result": {
              "duration": 867595300,
              "status": "passed"
            },
            "match": {
              "location": "Hooks.tearDown(Scenario)"
            }
          }
        ],
        "type": "scenario",
        "keyword": "Scenario",
        "steps": [
          {
            "result": {
              "duration": 65700,
              "status": "passed"
            },
            "line": 5,
            "name": "I am on Home page",
            "match": {
              "location": "HomePageSteps.iAmOnHomePage()"
            },
            "keyword": "Given "
          },
          {
            "result": {
              "duration": 153791900,
              "status": "passed"
            },
            "line": 6,
            "name": "Mouse hover on Laptops \u0026 NotebooksTabandclick",
            "match": {
              "location": "LaptopAndNoteBooksSteps.mouseHoverOnLaptopsNotebooksTabAndClick()"
            },
            "keyword": "When "
          },
          {
            "result": {
              "duration": 744822500,
              "status": "passed"
            },
            "line": 7,
            "name": "Click on Show All Laptops \u0026 Notebooks",
            "match": {
              "location": "LaptopAndNoteBooksSteps.clickOnShowAllLaptopsNotebooks()"
            },
            "keyword": "And "
          },
          {
            "result": {
              "duration": 1064804100,
              "status": "passed"
            },
            "line": 8,
            "name": "Select Sort By Price (High \u003e Low)",
            "match": {
              "location": "LaptopAndNoteBooksSteps.selectSortByPriceHighLow()"
            },
            "keyword": "Then "
          }
        ]
      },
      {
        "before": [
          {
            "result": {
              "duration": 3867154900,
              "status": "passed"
            },
            "match": {
              "location": "Hooks.setUp()"
            }
          }
        ],
        "line": 10,
        "name": "verifyThatUserPlaceOrderSuccessfully()",
        "description": "",
        "id": "laptop-and-notebooks-test;verifythatuserplaceordersuccessfully()",
        "after": [
          {
            "result": {
              "duration": 896962900,
              "status": "passed"
            },
            "match": {
              "location": "Hooks.tearDown(Scenario)"
            }
          }
        ],
        "type": "scenario",
        "keyword": "Scenario",
        "steps": [
          {
            "result": {
              "duration": 75097500,
              "status": "passed"
            },
            "line": 11,
            "name": "Mouse hover on Laptops \u0026 NotebooksTabandclick1",
            "match": {
              "location": "LaptopAndNoteBooksSteps.mouseHoverOnLaptopsNotebooksTabAndClick1()"
            },
            "keyword": "When "
          },
          {
            "result": {
              "duration": 555235500,
              "status": "passed"
            },
            "line": 12,
            "name": "Click on Show All Laptops \u0026 Notebooks1",
            "match": {
              "location": "LaptopAndNoteBooksSteps.clickOnShowAllLaptopsNotebooks1()"
            },
            "keyword": "And "
          },
          {
            "result": {
              "duration": 582323600,
              "status": "passed"
            },
            "line": 13,
            "name": "Select Sort By Price (High \u003e Low)",
            "match": {
              "location": "LaptopAndNoteBooksSteps.selectSortByPriceHighLow()"
            },
            "keyword": "And "
          },
          {
            "result": {
              "duration": 1063128700,
              "status": "passed"
            },
            "line": 14,
            "name": "Select Product MacBook",
            "match": {
              "location": "LaptopAndNoteBooksSteps.selectProductMacBook()"
            },
            "keyword": "And "
          },
          {
            "result": {
              "duration": 36155900,
              "status": "passed"
            },
            "line": 15,
            "name": "Verify the text MacBook",
            "match": {
              "location": "LaptopAndNoteBooksSteps.verifyTheTextMacBook()"
            },
            "keyword": "And "
          },
          {
            "result": {
              "duration": 120444500,
              "status": "passed"
            },
            "line": 16,
            "name": "Click on Add To Cart button",
            "match": {
              "location": "LaptopAndNoteBooksSteps.clickOnAddToCartButton()"
            },
            "keyword": "And "
          },
          {
            "result": {
              "duration": 190589600,
              "status": "passed"
            },
            "line": 17,
            "name": "Verify the message Success: You have added MacBook to your shopping cart",
            "match": {
              "location": "LaptopAndNoteBooksSteps.verifyTheMessageSuccessYouHaveAddedMacBookToYourShoppingCart()"
            },
            "keyword": "And "
          },
          {
            "result": {
              "duration": 389448100,
              "status": "passed"
            },
            "line": 18,
            "name": "Click on link shopping cart display into success message",
            "match": {
              "location": "LaptopAndNoteBooksSteps.clickOnLinkShoppingCartDisplayIntoSuccessMessage1()"
            },
            "keyword": "And "
          },
          {
            "result": {
              "duration": 40080418200,
              "error_message": "org.openqa.selenium.NoSuchElementException: no such element: Unable to locate element: {\"method\":\"xpath\",\"selector\":\"//h2[contains(text(),\u0027Laptops \u0026 Notebooks\u0027)]\"}\n  (Session info: chrome\u003d108.0.5359.125)\nFor documentation on this error, please visit: https://selenium.dev/exceptions/#no_such_element\nBuild info: version: \u00274.6.0\u0027, revision: \u002779f1c02ae20\u0027\nSystem info: os.name: \u0027Windows 10\u0027, os.arch: \u0027amd64\u0027, os.version: \u002710.0\u0027, java.version: \u00271.8.0_121\u0027\nDriver info: org.openqa.selenium.chrome.ChromeDriver\nCommand: [fd309abecc32ca0aa10c5eec4e3edfce, findElement {using\u003dxpath, value\u003d//h2[contains(text(),\u0027Laptops \u0026 Notebooks\u0027)]}]\nCapabilities {acceptInsecureCerts: false, browserName: chrome, browserVersion: 108.0.5359.125, chrome: {chromedriverVersion: 108.0.5359.71 (1e0e3868ee06..., userDataDir: C:\\Users\\viren\\AppData\\Loca...}, goog:chromeOptions: {debuggerAddress: localhost:52743}, networkConnectionEnabled: false, pageLoadStrategy: normal, platformName: WINDOWS, proxy: Proxy(), se:cdp: ws://localhost:52743/devtoo..., se:cdpVersion: 108.0.5359.125, setWindowRect: true, strictFileInteractability: false, timeouts: {implicit: 0, pageLoad: 300000, script: 30000}, unhandledPromptBehavior: dismiss and notify, webauthn:extension:credBlob: true, webauthn:extension:largeBlob: true, webauthn:virtualAuthenticators: true}\nSession ID: fd309abecc32ca0aa10c5eec4e3edfce\r\n\tat sun.reflect.NativeConstructorAccessorImpl.newInstance0(Native Method)\r\n\tat sun.reflect.NativeConstructorAccessorImpl.newInstance(NativeConstructorAccessorImpl.java:62)\r\n\tat sun.reflect.DelegatingConstructorAccessorImpl.newInstance(DelegatingConstructorAccessorImpl.java:45)\r\n\tat java.lang.reflect.Constructor.newInstance(Constructor.java:423)\r\n\tat org.openqa.selenium.remote.codec.w3c.W3CHttpResponseCodec.createException(W3CHttpResponseCodec.java:200)\r\n\tat org.openqa.selenium.remote.codec.w3c.W3CHttpResponseCodec.decode(W3CHttpResponseCodec.java:133)\r\n\tat org.openqa.selenium.remote.codec.w3c.W3CHttpResponseCodec.decode(W3CHttpResponseCodec.java:53)\r\n\tat org.openqa.selenium.remote.HttpCommandExecutor.execute(HttpCommandExecutor.java:184)\r\n\tat org.openqa.selenium.remote.service.DriverCommandExecutor.invokeExecute(DriverCommandExecutor.java:167)\r\n\tat org.openqa.selenium.remote.service.DriverCommandExecutor.execute(DriverCommandExecutor.java:142)\r\n\tat org.openqa.selenium.remote.RemoteWebDriver.execute(RemoteWebDriver.java:541)\r\n\tat org.openqa.selenium.remote.ElementLocation$ElementFinder$2.findElement(ElementLocation.java:162)\r\n\tat org.openqa.selenium.remote.ElementLocation.findElement(ElementLocation.java:60)\r\n\tat org.openqa.selenium.remote.RemoteWebDriver.findElement(RemoteWebDriver.java:365)\r\n\tat org.openqa.selenium.remote.RemoteWebDriver.findElement(RemoteWebDriver.java:357)\r\n\tat org.openqa.selenium.support.pagefactory.DefaultElementLocator.findElement(DefaultElementLocator.java:70)\r\n\tat org.openqa.selenium.support.pagefactory.internal.LocatingElementHandler.invoke(LocatingElementHandler.java:39)\r\n\tat com.sun.proxy.$Proxy24.getText(Unknown Source)\r\n\tat com.tutorialsninja.demo.utility.Utility.getTextFromElement(Utility.java:62)\r\n\tat com.tutorialsninja.demo.pages.LaptopsAndNotebooks.getVerifyCart(LaptopsAndNotebooks.java:219)\r\n\tat com.tutorialsninja.demo.cucumber.steps.LaptopAndNoteBooksSteps.verifyTheTextShoppingCart(LaptopAndNoteBooksSteps.java:76)\r\n\tat ✽.And Verify the text \"Shopping Cart(laptopandnotebooks.feature:19)\r\n",
              "status": "failed"
            },
            "line": 19,
            "name": "Verify the text \"Shopping Cart",
            "match": {
              "location": "LaptopAndNoteBooksSteps.verifyTheTextShoppingCart()"
            },
            "keyword": "And "
          },
          {
            "result": {
              "status": "skipped"
            },
            "line": 20,
            "name": "Verify the Product name \"MacBook",
            "match": {
              "location": "LaptopAndNoteBooksSteps.verifyTheProductNameMacBook()"
            },
            "keyword": "And "
          },
          {
            "result": {
              "status": "skipped"
            },
            "line": 21,
            "name": "Change Quantity two",
            "match": {
              "location": "LaptopAndNoteBooksSteps.changeQuantity(int)"
            },
            "keyword": "And "
          },
          {
            "result": {
              "status": "skipped"
            },
            "line": 22,
            "name": "Click on Update Tab",
            "match": {
              "location": "LaptopAndNoteBooksSteps.clickOnUpdateTab()"
            },
            "keyword": "And "
          },
          {
            "result": {
              "status": "skipped"
            },
            "line": 23,
            "name": "Verify the message Success: You have modified your shopping cart",
            "match": {
              "location": "LaptopAndNoteBooksSteps.verifyTheMessageSuccessYouHaveModifiedYourShoppingCart()"
            },
            "keyword": "And "
          },
          {
            "result": {
              "status": "skipped"
            },
            "line": 24,
            "name": "Verify the Total",
            "match": {
              "location": "LaptopAndNoteBooksSteps.verifyTheTotal()"
            },
            "keyword": "And "
          },
          {
            "result": {
              "status": "skipped"
            },
            "line": 25,
            "name": "Click on Checkout button",
            "match": {
              "location": "LaptopAndNoteBooksSteps.clickOnCheckoutButton()"
            },
            "keyword": "And "
          },
          {
            "result": {
              "status": "skipped"
            },
            "line": 26,
            "name": "Verify the text Checkout",
            "match": {
              "location": "LaptopAndNoteBooksSteps.verifyTheTextCheckout()"
            },
            "keyword": "And "
          },
          {
            "result": {
              "status": "skipped"
            },
            "line": 27,
            "name": "Verify the Text New Customer",
            "match": {
              "location": "LaptopAndNoteBooksSteps.verifyTheTextNewCustomer()"
            },
            "keyword": "And "
          },
          {
            "result": {
              "status": "skipped"
            },
            "line": 28,
            "name": "Click on Guest Checkout radio button",
            "match": {
              "location": "LaptopAndNoteBooksSteps.clickOnGuestCheckoutRadioButton()"
            },
            "keyword": "And "
          },
          {
            "result": {
              "status": "skipped"
            },
            "line": 29,
            "name": "Click on Continue tab",
            "match": {
              "location": "LaptopAndNoteBooksSteps.clickOnContinueTab()"
            },
            "keyword": "And "
          },
          {
            "result": {
              "status": "skipped"
            },
            "line": 30,
            "name": "Click on Continue Button",
            "match": {
              "location": "LaptopAndNoteBooksSteps.clickOnContinueButton()"
            },
            "keyword": "And "
          },
          {
            "result": {
              "status": "skipped"
            },
            "line": 31,
            "name": "Add Comments About your order into text area",
            "match": {
              "location": "LaptopAndNoteBooksSteps.addCommentsAboutYourOrderIntoTextArea()"
            },
            "keyword": "And "
          },
          {
            "result": {
              "status": "skipped"
            },
            "line": 32,
            "name": "Check the Terms \u0026 Conditions check box",
            "match": {
              "location": "LaptopAndNoteBooksSteps.checkTheTermsConditionsCheckBox()"
            },
            "keyword": "And "
          },
          {
            "result": {
              "status": "skipped"
            },
            "line": 33,
            "name": "Click on Continue button",
            "match": {
              "location": "LaptopAndNoteBooksSteps.clickOnContinueButton2()"
            },
            "keyword": "And "
          },
          {
            "result": {
              "status": "skipped"
            },
            "line": 34,
            "name": "Verify the message Warning: Payment method required",
            "match": {
              "location": "LaptopAndNoteBooksSteps.verifyTheMessageWarningPaymentMethodRequired()"
            },
            "keyword": "Then "
          }
        ]
      }
    ],
    "name": "Laptop And Notebooks Test",
    "description": "as a user I want to check LaptopAndNotebooks Tab",
    "id": "laptop-and-notebooks-test",
    "keyword": "Feature",
    "uri": "laptopandnotebooks.feature"
  },
  {
    "line": 1,
    "elements": [
      {
        "before": [
          {
            "result": {
              "duration": 3490645900,
              "status": "passed"
            },
            "match": {
              "location": "Hooks.setUp()"
            }
          }
        ],
        "line": 4,
        "name": "verifyUserShouldNavigateToRegisterPageSuccessfully()",
        "description": "",
        "id": "my-account-test;verifyusershouldnavigatetoregisterpagesuccessfully()",
        "after": [
          {
            "result": {
              "duration": 723681200,
              "status": "passed"
            },
            "match": {
              "location": "Hooks.tearDown(Scenario)"
            }
          }
        ],
        "type": "scenario",
        "keyword": "Scenario",
        "steps": [
          {
            "result": {
              "duration": 101000,
              "status": "passed"
            },
            "line": 5,
            "name": "I am on Home page",
            "match": {
              "location": "HomePageSteps.iAmOnHomePage()"
            },
            "keyword": "Given "
          },
          {
            "result": {
              "duration": 146795500,
              "status": "passed"
            },
            "line": 6,
            "name": "I Click on My Account Link",
            "match": {
              "location": "MyAccountSteps.iClickOnMyAccountLink()"
            },
            "keyword": "When "
          },
          {
            "result": {
              "duration": 20976366700,
              "status": "passed"
            },
            "line": 7,
            "name": "Call the method selectMyAccountOptions method and pass the parameter Register",
            "match": {
              "location": "MyAccountSteps.callTheMethodSelectMyAccountOptionsMethodAndPassTheParameterRegister()"
            },
            "keyword": "And "
          },
          {
            "result": {
              "duration": 29515100,
              "status": "passed"
            },
            "line": 8,
            "name": "Verify the text Register Account",
            "match": {
              "location": "MyAccountSteps.verifyTheTextRegisterAccount()"
            },
            "keyword": "Then "
          }
        ]
      },
      {
        "before": [
          {
            "result": {
              "duration": 3248146500,
              "status": "passed"
            },
            "match": {
              "location": "Hooks.setUp()"
            }
          }
        ],
        "line": 10,
        "name": "verifyUserShouldNavigateToLoginPageSuccessfully()",
        "description": "",
        "id": "my-account-test;verifyusershouldnavigatetologinpagesuccessfully()",
        "after": [
          {
            "result": {
              "duration": 751236200,
              "status": "passed"
            },
            "match": {
              "location": "Hooks.tearDown(Scenario)"
            }
          }
        ],
        "type": "scenario",
        "keyword": "Scenario",
        "steps": [
          {
            "result": {
              "duration": 49600,
              "status": "passed"
            },
            "line": 11,
            "name": "I am on Home page",
            "match": {
              "location": "HomePageSteps.iAmOnHomePage()"
            },
            "keyword": "Given "
          },
          {
            "result": {
              "duration": 97675000,
              "status": "passed"
            },
            "line": 12,
            "name": "I Click on My Account Link",
            "match": {
              "location": "MyAccountSteps.iClickOnMyAccountLink()"
            },
            "keyword": "When "
          },
          {
            "result": {
              "duration": 412677400,
              "status": "passed"
            },
            "line": 13,
            "name": "Call the method selectMyAccountOptions method and pass the parameter Login",
            "match": {
              "location": "MyAccountSteps.callTheMethodSelectMyAccountOptionsMethodAndPassTheParameterLogin()"
            },
            "keyword": "And "
          },
          {
            "result": {
              "duration": 77316400,
              "status": "passed"
            },
            "line": 14,
            "name": "Verify the text Returning Customer",
            "match": {
              "location": "MyAccountSteps.verifyTheTextReturningCustomer()"
            },
            "keyword": "Then "
          }
        ]
      },
      {
        "before": [
          {
            "result": {
              "duration": 2684347900,
              "status": "passed"
            },
            "match": {
              "location": "Hooks.setUp()"
            }
          }
        ],
        "line": 16,
        "name": "verifyThatUserRegisterAccountSuccessfully()",
        "description": "",
        "id": "my-account-test;verifythatuserregisteraccountsuccessfully()",
        "after": [
          {
            "result": {
              "duration": 831336500,
              "status": "passed"
            },
            "match": {
              "location": "Hooks.tearDown(Scenario)"
            }
          }
        ],
        "type": "scenario",
        "keyword": "Scenario",
        "steps": [
          {
            "result": {
              "duration": 22600,
              "status": "passed"
            },
            "line": 17,
            "name": "I am on Home page",
            "match": {
              "location": "HomePageSteps.iAmOnHomePage()"
            },
            "keyword": "Given "
          },
          {
            "result": {
              "duration": 46252800,
              "status": "passed"
            },
            "line": 18,
            "name": "I Click on My Account Link",
            "match": {
              "location": "MyAccountSteps.iClickOnMyAccountLink()"
            },
            "keyword": "When "
          },
          {
            "result": {
              "duration": 20627620800,
              "status": "passed"
            },
            "line": 19,
            "name": "Call the method “selectMyAccountOptions method and pass the parameter Register",
            "match": {
              "location": "MyAccountSteps.callTheMethodSelectMyAccountOptionsMethodAndPassTheParameterRegister1()"
            },
            "keyword": "And "
          },
          {
            "result": {
              "duration": 82315900,
              "status": "passed"
            },
            "line": 20,
            "name": "Enter First Name",
            "match": {
              "location": "MyAccountSteps.enterFirstName()"
            },
            "keyword": "And "
          },
          {
            "result": {
              "duration": 103359400,
              "status": "passed"
            },
            "line": 21,
            "name": "Enter Last Name",
            "match": {
              "location": "MyAccountSteps.enterLastName()"
            },
            "keyword": "And "
          },
          {
            "result": {
              "duration": 105466800,
              "status": "passed"
            },
            "line": 22,
            "name": "Enter Email",
            "match": {
              "location": "MyAccountSteps.enterEmail()"
            },
            "keyword": "And "
          },
          {
            "result": {
              "duration": 75967300,
              "status": "passed"
            },
            "line": 23,
            "name": "Enter Telephone",
            "match": {
              "location": "MyAccountSteps.enterTelephone()"
            },
            "keyword": "And "
          },
          {
            "result": {
              "duration": 60318700,
              "status": "passed"
            },
            "line": 24,
            "name": "Enter Password",
            "match": {
              "location": "MyAccountSteps.enterPassword()"
            },
            "keyword": "And "
          },
          {
            "result": {
              "duration": 71414200,
              "status": "passed"
            },
            "line": 25,
            "name": "Enter Password Confirm",
            "match": {
              "location": "MyAccountSteps.enterPasswordConfirm()"
            },
            "keyword": "And "
          },
          {
            "result": {
              "duration": 55175100,
              "status": "passed"
            },
            "line": 26,
            "name": "Select Subscribe Yes radio button",
            "match": {
              "location": "MyAccountSteps.selectSubscribeYesRadioButton()"
            },
            "keyword": "And "
          },
          {
            "result": {
              "duration": 52106000,
              "status": "passed"
            },
            "line": 27,
            "name": "Click on Privacy Policy check box",
            "match": {
              "location": "MyAccountSteps.clickOnPrivacyPolicyCheckBox()"
            },
            "keyword": "And "
          },
          {
            "result": {
              "duration": 20046964000,
              "error_message": "org.openqa.selenium.NoSuchElementException: no such element: Unable to locate element: {\"method\":\"xpath\",\"selector\":\"//input[@id\u003d\u0027button-payment-method\u0027]\"}\n  (Session info: chrome\u003d108.0.5359.125)\nFor documentation on this error, please visit: https://selenium.dev/exceptions/#no_such_element\nBuild info: version: \u00274.6.0\u0027, revision: \u002779f1c02ae20\u0027\nSystem info: os.name: \u0027Windows 10\u0027, os.arch: \u0027amd64\u0027, os.version: \u002710.0\u0027, java.version: \u00271.8.0_121\u0027\nDriver info: org.openqa.selenium.chrome.ChromeDriver\nCommand: [c05f702731ea9854777d2c58edc23f84, findElement {using\u003dxpath, value\u003d//input[@id\u003d\u0027button-payment-method\u0027]}]\nCapabilities {acceptInsecureCerts: false, browserName: chrome, browserVersion: 108.0.5359.125, chrome: {chromedriverVersion: 108.0.5359.71 (1e0e3868ee06..., userDataDir: C:\\Users\\viren\\AppData\\Loca...}, goog:chromeOptions: {debuggerAddress: localhost:52845}, networkConnectionEnabled: false, pageLoadStrategy: normal, platformName: WINDOWS, proxy: Proxy(), se:cdp: ws://localhost:52845/devtoo..., se:cdpVersion: 108.0.5359.125, setWindowRect: true, strictFileInteractability: false, timeouts: {implicit: 0, pageLoad: 300000, script: 30000}, unhandledPromptBehavior: dismiss and notify, webauthn:extension:credBlob: true, webauthn:extension:largeBlob: true, webauthn:virtualAuthenticators: true}\nSession ID: c05f702731ea9854777d2c58edc23f84\r\n\tat sun.reflect.NativeConstructorAccessorImpl.newInstance0(Native Method)\r\n\tat sun.reflect.NativeConstructorAccessorImpl.newInstance(NativeConstructorAccessorImpl.java:62)\r\n\tat sun.reflect.DelegatingConstructorAccessorImpl.newInstance(DelegatingConstructorAccessorImpl.java:45)\r\n\tat java.lang.reflect.Constructor.newInstance(Constructor.java:423)\r\n\tat org.openqa.selenium.remote.codec.w3c.W3CHttpResponseCodec.createException(W3CHttpResponseCodec.java:200)\r\n\tat org.openqa.selenium.remote.codec.w3c.W3CHttpResponseCodec.decode(W3CHttpResponseCodec.java:133)\r\n\tat org.openqa.selenium.remote.codec.w3c.W3CHttpResponseCodec.decode(W3CHttpResponseCodec.java:53)\r\n\tat org.openqa.selenium.remote.HttpCommandExecutor.execute(HttpCommandExecutor.java:184)\r\n\tat org.openqa.selenium.remote.service.DriverCommandExecutor.invokeExecute(DriverCommandExecutor.java:167)\r\n\tat org.openqa.selenium.remote.service.DriverCommandExecutor.execute(DriverCommandExecutor.java:142)\r\n\tat org.openqa.selenium.remote.RemoteWebDriver.execute(RemoteWebDriver.java:541)\r\n\tat org.openqa.selenium.remote.ElementLocation$ElementFinder$2.findElement(ElementLocation.java:162)\r\n\tat org.openqa.selenium.remote.ElementLocation.findElement(ElementLocation.java:60)\r\n\tat org.openqa.selenium.remote.RemoteWebDriver.findElement(RemoteWebDriver.java:365)\r\n\tat org.openqa.selenium.remote.RemoteWebDriver.findElement(RemoteWebDriver.java:357)\r\n\tat com.tutorialsninja.demo.utility.Utility.clickOnElement(Utility.java:46)\r\n\tat com.tutorialsninja.demo.pages.LaptopsAndNotebooks.clickContinue(LaptopsAndNotebooks.java:350)\r\n\tat com.tutorialsninja.demo.cucumber.steps.LaptopAndNoteBooksSteps.clickOnContinueButton2(LaptopAndNoteBooksSteps.java:204)\r\n\tat ✽.And Click on Continue button(myaccount.feature:28)\r\n",
              "status": "failed"
            },
            "line": 28,
            "name": "Click on Continue button",
            "match": {
              "location": "LaptopAndNoteBooksSteps.clickOnContinueButton2()"
            },
            "keyword": "And "
          },
          {
            "result": {
              "status": "skipped"
            },
            "line": 29,
            "name": "Verify the message “Your Account Has Been Created",
            "match": {
              "location": "MyAccountSteps.verifyTheMessageYourAccountHasBeenCreated()"
            },
            "keyword": "And "
          },
          {
            "result": {
              "status": "skipped"
            },
            "line": 30,
            "name": "Click on Continue button",
            "match": {
              "location": "LaptopAndNoteBooksSteps.clickOnContinueButton2()"
            },
            "keyword": "And "
          },
          {
            "result": {
              "status": "skipped"
            },
            "line": 31,
            "name": "Clickr on My Account Link.",
            "match": {
              "location": "MyAccountSteps.clickrOnMyAccountLink()"
            },
            "keyword": "And "
          },
          {
            "result": {
              "status": "skipped"
            },
            "line": 32,
            "name": "Call the method “selectMyAccountOptions” method and pass the parameter Logout",
            "match": {
              "location": "MyAccountSteps.callTheMethodSelectMyAccountOptionsMethodAndPassTheParameterLogout()"
            },
            "keyword": "And "
          },
          {
            "result": {
              "status": "skipped"
            },
            "line": 33,
            "name": "Verify the text “Account Logout”",
            "match": {
              "location": "MyAccountSteps.verifyTheTextAccountLogout()"
            },
            "keyword": "And "
          },
          {
            "result": {
              "status": "skipped"
            },
            "line": 34,
            "name": "Click on Continue button",
            "match": {
              "location": "LaptopAndNoteBooksSteps.clickOnContinueButton2()"
            },
            "keyword": "Then "
          }
        ]
      },
      {
        "before": [
          {
            "result": {
              "duration": 3111863300,
              "status": "passed"
            },
            "match": {
              "location": "Hooks.setUp()"
            }
          }
        ],
        "line": 36,
        "name": "verifyThatUserShouldLoginAndLogoutSuccessfully()",
        "description": "",
        "id": "my-account-test;verifythatusershouldloginandlogoutsuccessfully()",
        "after": [
          {
            "result": {
              "duration": 846029000,
              "status": "passed"
            },
            "match": {
              "location": "Hooks.tearDown(Scenario)"
            }
          }
        ],
        "type": "scenario",
        "keyword": "Scenario",
        "steps": [
          {
            "result": {
              "duration": 71500,
              "status": "passed"
            },
            "line": 37,
            "name": "I am on Home page",
            "match": {
              "location": "HomePageSteps.iAmOnHomePage()"
            },
            "keyword": "Given "
          },
          {
            "result": {
              "duration": 110888100,
              "status": "passed"
            },
            "line": 38,
            "name": "Click on MyAccount Link4",
            "match": {
              "location": "MyAccountSteps.clickOnMyAccountLink4()"
            },
            "keyword": "When "
          },
          {
            "result": {
              "duration": 449709600,
              "status": "passed"
            },
            "line": 39,
            "name": "Call the method selectMyAccountOptions method and pass the parameter Login",
            "match": {
              "location": "MyAccountSteps.callTheMethodSelectMyAccountOptionsMethodAndPassTheParameterLogin()"
            },
            "keyword": "And "
          },
          {
            "result": {
              "duration": 207264400,
              "status": "passed"
            },
            "line": 40,
            "name": "Enter Email address",
            "match": {
              "location": "MyAccountSteps.enterEmailAddress()"
            },
            "keyword": "And "
          },
          {
            "result": {
              "duration": 115759400,
              "status": "passed"
            },
            "comments": [
              {
                "line": 41,
                "value": "#    And Enter LastName"
              }
            ],
            "line": 42,
            "name": "Enter Pass word",
            "match": {
              "location": "MyAccountSteps.enterPassWord()"
            },
            "keyword": "And "
          },
          {
            "result": {
              "duration": 562097800,
              "status": "passed"
            },
            "line": 43,
            "name": "Click on Login button",
            "match": {
              "location": "MyAccountSteps.clickOnLoginButton()"
            },
            "keyword": "And "
          },
          {
            "result": {
              "duration": 40078498500,
              "error_message": "org.openqa.selenium.NoSuchElementException: no such element: Unable to locate element: {\"method\":\"xpath\",\"selector\":\"//form[contains(@action,\u0027login\u0027)]//input[@type\u003d\u0027submit\u0027]\"}\n  (Session info: chrome\u003d108.0.5359.125)\nFor documentation on this error, please visit: https://selenium.dev/exceptions/#no_such_element\nBuild info: version: \u00274.6.0\u0027, revision: \u002779f1c02ae20\u0027\nSystem info: os.name: \u0027Windows 10\u0027, os.arch: \u0027amd64\u0027, os.version: \u002710.0\u0027, java.version: \u00271.8.0_121\u0027\nDriver info: org.openqa.selenium.chrome.ChromeDriver\nCommand: [dfe2bc075c74a7f38bbb538de5f103d9, findElement {using\u003dxpath, value\u003d//form[contains(@action,\u0027login\u0027)]//input[@type\u003d\u0027submit\u0027]}]\nCapabilities {acceptInsecureCerts: false, browserName: chrome, browserVersion: 108.0.5359.125, chrome: {chromedriverVersion: 108.0.5359.71 (1e0e3868ee06..., userDataDir: C:\\Users\\viren\\AppData\\Loca...}, goog:chromeOptions: {debuggerAddress: localhost:52877}, networkConnectionEnabled: false, pageLoadStrategy: normal, platformName: WINDOWS, proxy: Proxy(), se:cdp: ws://localhost:52877/devtoo..., se:cdpVersion: 108.0.5359.125, setWindowRect: true, strictFileInteractability: false, timeouts: {implicit: 0, pageLoad: 300000, script: 30000}, unhandledPromptBehavior: dismiss and notify, webauthn:extension:credBlob: true, webauthn:extension:largeBlob: true, webauthn:virtualAuthenticators: true}\nSession ID: dfe2bc075c74a7f38bbb538de5f103d9\r\n\tat sun.reflect.NativeConstructorAccessorImpl.newInstance0(Native Method)\r\n\tat sun.reflect.NativeConstructorAccessorImpl.newInstance(NativeConstructorAccessorImpl.java:62)\r\n\tat sun.reflect.DelegatingConstructorAccessorImpl.newInstance(DelegatingConstructorAccessorImpl.java:45)\r\n\tat java.lang.reflect.Constructor.newInstance(Constructor.java:423)\r\n\tat org.openqa.selenium.remote.codec.w3c.W3CHttpResponseCodec.createException(W3CHttpResponseCodec.java:200)\r\n\tat org.openqa.selenium.remote.codec.w3c.W3CHttpResponseCodec.decode(W3CHttpResponseCodec.java:133)\r\n\tat org.openqa.selenium.remote.codec.w3c.W3CHttpResponseCodec.decode(W3CHttpResponseCodec.java:53)\r\n\tat org.openqa.selenium.remote.HttpCommandExecutor.execute(HttpCommandExecutor.java:184)\r\n\tat org.openqa.selenium.remote.service.DriverCommandExecutor.invokeExecute(DriverCommandExecutor.java:167)\r\n\tat org.openqa.selenium.remote.service.DriverCommandExecutor.execute(DriverCommandExecutor.java:142)\r\n\tat org.openqa.selenium.remote.RemoteWebDriver.execute(RemoteWebDriver.java:541)\r\n\tat org.openqa.selenium.remote.ElementLocation$ElementFinder$2.findElement(ElementLocation.java:162)\r\n\tat org.openqa.selenium.remote.ElementLocation.findElement(ElementLocation.java:60)\r\n\tat org.openqa.selenium.remote.RemoteWebDriver.findElement(RemoteWebDriver.java:365)\r\n\tat org.openqa.selenium.remote.RemoteWebDriver.findElement(RemoteWebDriver.java:357)\r\n\tat org.openqa.selenium.support.pagefactory.DefaultElementLocator.findElement(DefaultElementLocator.java:70)\r\n\tat org.openqa.selenium.support.pagefactory.internal.LocatingElementHandler.invoke(LocatingElementHandler.java:39)\r\n\tat com.sun.proxy.$Proxy24.click(Unknown Source)\r\n\tat com.tutorialsninja.demo.utility.Utility.clickOnElement(Utility.java:51)\r\n\tat com.tutorialsninja.demo.pages.MyAccount.clickOnLogin(MyAccount.java:165)\r\n\tat com.tutorialsninja.demo.cucumber.steps.MyAccountSteps.clickOnMyAccountLink5(MyAccountSteps.java:152)\r\n\tat ✽.And Click on My Account Link5(myaccount.feature:45)\r\n",
              "status": "failed"
            },
            "comments": [
              {
                "line": 44,
                "value": "#    And Verify text My Account"
              }
            ],
            "line": 45,
            "name": "Click on My Account Link5",
            "match": {
              "location": "MyAccountSteps.clickOnMyAccountLink5()"
            },
            "keyword": "And "
          },
          {
            "result": {
              "status": "skipped"
            },
            "line": 46,
            "name": "Call the method selectMyAccountOptions method and pass the parameter Logout",
            "match": {
              "location": "MyAccountSteps.callTheMethodSelectMyAccountOptionsMethodAndPassTheParameterLogout2()"
            },
            "keyword": "And "
          },
          {
            "result": {
              "status": "skipped"
            },
            "line": 47,
            "name": "Verify the text Account Logout",
            "match": {
              "location": "MyAccountSteps.verifyTheTextAccountLogout2()"
            },
            "keyword": "And "
          },
          {
            "result": {
              "status": "skipped"
            },
            "line": 48,
            "name": "Click on Continue button1",
            "match": {
              "arguments": [
                {
                  "val": "1",
                  "offset": 24
                }
              ],
              "location": "MyAccountSteps.clickOnContinueButton(int)"
            },
            "keyword": "And "
          }
        ]
      }
    ],
    "name": "My Account Test",
    "description": "as a user I want to check My Account",
    "id": "my-account-test",
    "keyword": "Feature",
    "uri": "myaccount.feature"
  }
]