
<!DOCTYPE html>
<html>


<head>
	<meta charset='UTF-8' /> 
	<meta name='description' content='' />
	<meta name='robots' content='noodp, noydir' />
	<meta name='viewport' content='width=device-width, initial-scale=1' />
	<meta id="timeStampFormat" name="timeStampFormat" content='MMM d, yyyy hh:mm:ss a'/>
	
	<link href='https://fonts.googleapis.com/css?family=Source+Sans+Pro:400,600' rel='stylesheet' type='text/css'>
	<link href="https://fonts.googleapis.com/icon?family=Material+Icons" rel="stylesheet">

		<link href='https://cdn.rawgit.com/anshooarora/extentreports-java/b4a58fcfd1e137bd9287244035a7c80d3d73b3af/dist/css/extent.css' type='text/css' rel='stylesheet' />
	
	<title>TutorialsNinja - Cucumber Framework</title>

	<style type='text/css'>
			
            

      
        
	</style>
</head>

	<body class='extent dark default hide-overflow bdd-report'>
		<div id='theme-selector' alt='Click to toggle theme. To enable by default, use theme configuration.' title='Click to toggle theme. To enable by default, use theme configuration.'>
			<span><i class='material-icons'>desktop_windows</i></span>
		</div>

<nav>
	<div class="nav-wrapper">
		<a href="#!" class="brand-logo blue darken-3">Extent</a>

		<!-- slideout menu -->
		<ul id='slide-out' class='side-nav fixed hide-on-med-and-down'>
			<li class='waves-effect active'><a href='#!' view='test-view' onclick="configureView(0);chartsView('test');"><i class='material-icons'>dashboard</i></a></li>
						<li class='waves-effect'><a href='#!' view='exception-view' onclick="configureView(2)"><i class='material-icons'>bug_report</i></a></li>
			<li class='waves-effect'><a href='#!' onclick="configureView(-1);chartsView('dashboard');" view='dashboard-view'><i class='material-icons'>track_changes</i></i></a></li>
		</ul>

		<!-- report name -->
		<span class='report-name'>Cucumber Report</span>
		
		<!-- report headline -->
		<span class='report-headline'></span>

		<!-- nav-right -->
		<ul id='nav-mobile' class='right hide-on-med-and-down nav-right'>
			<li>
                <a href='#!'>
                    <span class='label suite-start-time blue darken-3'>Dec 19, 2022 03:50:06 PM</span>
				</a>
			</li>
			<li>
                <a href='#!'>
                    <span class='label blue darken-3'>3.1.2</span>
				</a>
			</li>
		</ul>
	</div>
</nav>

		<!-- container -->
		<div class='container'>

<div id='test-view' class='view'>
				
	<section id='controls'>
		<div class='controls grey lighten-4'>
			<!-- test toggle -->
			<div class='chip transparent'>
				<a class='dropdown-button tests-toggle' data-activates='tests-toggle' data-constrainwidth='true' data-beloworigin='true' data-hover='true' href='#'>
					<i class='material-icons'>warning</i> Status
				</a>
				<ul id='tests-toggle' class='dropdown-content'>
											<li status='pass'><a href='#!'>Pass <i class='material-icons green-text'>check_circle</i></a></li>
						<li status='fail'><a href='#!'>Fail <i class='material-icons red-text'>cancel</i></a></li>
						<li status='skip'><a href='#!'>Skip <i class='material-icons cyan-text'>redo</i></a></li>
					<li class='divider'></li>
					<li status='clear' clear='true'><a href='#!'>Clear Filters <i class='material-icons'>clear</i></a></li>
				</ul>
			</div>
			<!-- test toggle -->

			<!-- category toggle -->
			<!-- category toggle -->

			<!-- clear filters -->
			<div class='chip transparent hide'>
				<a class='' id='clear-filters' alt='Clear Filters' title='Clear Filters'>
					<i class='material-icons'>close</i> Clear
				</a>
			</div>
			<!-- clear filters -->

			<!-- enable dashboard -->
			<div id='toggle-test-view-charts' class='chip transparent'>
				<a class='pink-text' id='enable-dashboard' alt='Enable Dashboard' title='Enable Dashboard'>
					<i class='material-icons'>track_changes</i> Dashboard
				</a>
			</div>
			<!-- enable dashboard -->

			<!-- search -->
			<div class='chip transparent' alt='Search Tests' title='Search Tests'>
				<a href="#" class='search-div'>
					<i class='material-icons'>search</i> Search
				</a>

				<div class='input-field left hide'>
					<input id='search-tests' type='text' class='validate browser-default' placeholder='Search Tests...'>
				</div>
				
			</div>
			<!-- search -->
		</div>
	</section>


<div id='test-view-charts' class='subview-full'>
	<div id='charts-row' class='row nm-v nm-h'>
		<div class='col s12 m4 l4 np-h'>
			<div class='card-panel nm-v'>
				<div class='left panel-name'>Features</div>
				<div class='chart-box'>
					<canvas id='parent-analysis' width='100' height='80'></canvas>
				</div>
				<div class='block text-small'>
					<span class='tooltipped' data-position='top' data-tooltip='0%'><span class='strong'>0</span> feature(s) passed</span>
				</div>
				<div class='block text-small'>
					<span class='strong tooltipped' data-position='top' data-tooltip='100%'>4</span> feature(s) failed, <span class='strong tooltipped' data-position='top' data-tooltip='0%'>0</span> others
				</div>
			</div>
		</div>
		
		<div class='col s12 m4 l4 np-h'>
			<div class='card-panel nm-v'>
				<div class='left panel-name'>Scenarios</div>
				<div class='chart-box'>
					<canvas id='child-analysis' width='100' height='80'></canvas>
				</div>
				<div class='block text-small'>
					<span class='tooltipped' data-position='top' data-tooltip='40%'><span class='strong'>4</span> scenario(s) passed</span>
				</div>
				<div class='block text-small'>
					<span class='strong tooltipped' data-position='top' data-tooltip='60%'>6</span> scenario(s) failed, <span class='strong tooltipped' data-position='top' data-tooltip='0%'>0</span> others
				</div>
			</div>
		</div>
		
		<div class='col s12 m4 l4 np-h'>
			<div class='card-panel nm-v'>
				<div class='left panel-name'>Steps</div>
				<div class='chart-box'>
					<canvas id='grandchild-analysis' width='100' height='80'></canvas>
				</div>
				<div class='block text-small'>
					<span class='tooltipped' data-position='top' data-tooltip='56.667%'><span class='strong'>51</span> step(s) passed</span>
				</div>
				<div class='block text-small'>
					<span class='strong tooltipped' data-position='top' data-tooltip='6.667%'>6</span> step(s) failed, <span class='strong tooltipped' data-position='top' data-tooltip='36.667%'>33</span> others
				</div>
			</div>
		</div>
	</div>
</div>

	<div class='subview-left left'>
		
		<div class='view-summary'>
			<h5>Features</h5>
			<ul id='test-collection' class='test-collection'>
				
				
				<li class='test displayed active has-leaf fail' status='fail' bdd='true' test-id='1'>
					<div class='test-heading'>
						<span class='test-name'>Desktop Test</span>
						<span class='test-time'>Dec 19, 2022 03:50:06 PM</span>
						<span class='test-status right fail'>fail</span>
					</div>
					<div class='test-content hide'>
<div class='scenario node' test-id='2' status='fail'>
	<span class='duration right label'>0h 0m 6s+326ms</span>
	<div class='desc'>
		<b>Scenario</b>
		<span class="desc-text">verifyProductAddedToShoppingCartSuccessFully()</span>
	</div>
	<ul class='steps'>
		<li test-id='3' class='node given pass' status='pass'>
			
			<b>Given</b>
			
			<span class="bdd-step-name">Given I am on Home page</span>
				<div class='pre'>passed</div>
			
		</li>
		<li test-id='4' class='node when pass' status='pass'>
			
			<b>When</b>
			
			<span class="bdd-step-name">When Click on currency link</span>
				<div class='pre'>passed</div>
			
		</li>
		<li test-id='5' class='node and pass' status='pass'>
			
			<b>And</b>
			
			<span class="bdd-step-name">And chane currency to pound</span>
				<div class='pre'>passed</div>
			
		</li>
		<li test-id='6' class='node and pass' status='pass'>
			
			<b>And</b>
			
			<span class="bdd-step-name">And Mouse hover on Desktops Tab and click</span>
				<div class='pre'>passed</div>
			
		</li>
		<li test-id='7' class='node and pass' status='pass'>
			
			<b>And</b>
			
			<span class="bdd-step-name">And Click on Show All Desktops</span>
				<div class='pre'>passed</div>
			
		</li>
		<li test-id='8' class='node and pass' status='pass'>
			
			<b>And</b>
			
			<span class="bdd-step-name">And Select Sort By position Name A to Z</span>
				<div class='pre'>passed</div>
			
		</li>
		<li test-id='9' class='node and fail' status='fail'>
			
			<b>And</b>
			
			<span class="bdd-step-name">And Select product HP LP3065</span>
				<div class='pre'><pre>cucumber.runtime.CucumberException: Arity mismatch: Step Definition 'com.tutorialsninja.demo.cucumber.steps.DesktopSteps.selectProductHPLP() in file:/C:/Users/viren/IdeaProjects/com.tutorialsninja.demo-wk-16-virenpatel/target/test-classes/' with pattern [^Select product HP LP(\d+)$] is declared with 0 parameters. However, the gherkin step has 1 arguments [3065]. 
Step: And Select product HP LP3065
	at cucumber.runtime.StepDefinitionMatch.arityMismatch(StepDefinitionMatch.java:102)
	at cucumber.runtime.StepDefinitionMatch.transformedArgs(StepDefinitionMatch.java:60)
	at cucumber.runtime.StepDefinitionMatch.runStep(StepDefinitionMatch.java:37)
	at cucumber.runtime.Runtime.runStep(Runtime.java:300)
	at cucumber.runtime.model.StepContainer.runStep(StepContainer.java:44)
	at cucumber.runtime.model.StepContainer.runSteps(StepContainer.java:39)
	at cucumber.runtime.model.CucumberScenario.run(CucumberScenario.java:44)
	at cucumber.runtime.junit.ExecutionUnitRunner.run(ExecutionUnitRunner.java:102)
	at cucumber.runtime.junit.FeatureRunner.runChild(FeatureRunner.java:63)
	at cucumber.runtime.junit.FeatureRunner.runChild(FeatureRunner.java:18)
	at org.junit.runners.ParentRunner$4.run(ParentRunner.java:331)
	at org.junit.runners.ParentRunner$1.schedule(ParentRunner.java:79)
	at org.junit.runners.ParentRunner.runChildren(ParentRunner.java:329)
	at org.junit.runners.ParentRunner.access$100(ParentRunner.java:66)
	at org.junit.runners.ParentRunner$2.evaluate(ParentRunner.java:293)
	at org.junit.runners.ParentRunner$3.evaluate(ParentRunner.java:306)
	at org.junit.runners.ParentRunner.run(ParentRunner.java:413)
	at cucumber.runtime.junit.FeatureRunner.run(FeatureRunner.java:70)
	at cucumber.api.junit.Cucumber.runChild(Cucumber.java:95)
	at cucumber.api.junit.Cucumber.runChild(Cucumber.java:38)
	at org.junit.runners.ParentRunner$4.run(ParentRunner.java:331)
	at org.junit.runners.ParentRunner$1.schedule(ParentRunner.java:79)
	at org.junit.runners.ParentRunner.runChildren(ParentRunner.java:329)
	at org.junit.runners.ParentRunner.access$100(ParentRunner.java:66)
	at org.junit.runners.ParentRunner$2.evaluate(ParentRunner.java:293)
	at org.junit.internal.runners.statements.RunAfters.evaluate(RunAfters.java:27)
	at org.junit.runners.ParentRunner$3.evaluate(ParentRunner.java:306)
	at org.junit.runners.ParentRunner.run(ParentRunner.java:413)
	at cucumber.api.junit.Cucumber.run(Cucumber.java:100)
	at org.junit.runner.JUnitCore.run(JUnitCore.java:137)
	at com.intellij.junit4.JUnit4IdeaTestRunner.startRunnerWithArgs(JUnit4IdeaTestRunner.java:69)
	at com.intellij.rt.junit.IdeaTestRunner$Repeater$1.execute(IdeaTestRunner.java:38)
	at com.intellij.rt.execution.junit.TestsRepeater.repeat(TestsRepeater.java:11)
	at com.intellij.rt.junit.IdeaTestRunner$Repeater.startRunnerWithArgs(IdeaTestRunner.java:35)
	at com.intellij.rt.junit.JUnitStarter.prepareStreamsAndStart(JUnitStarter.java:235)
	at com.intellij.rt.junit.JUnitStarter.main(JUnitStarter.java:54)
</pre></div>
			
		</li>
		<li test-id='10' class='node and skip' status='skip'>
			
			<b>And</b>
			
			<span class="bdd-step-name">And Verify the Text HP LP3065</span>
				<div class='pre'>skipped</div>
			
		</li>
		<li test-id='11' class='node and skip' status='skip'>
			
			<b>And</b>
			
			<span class="bdd-step-name">And Select Delivery Date 2022-11-30</span>
				<div class='pre'>skipped</div>
			
		</li>
		<li test-id='12' class='node and skip' status='skip'>
			
			<b>And</b>
			
			<span class="bdd-step-name">And Click on Add to Cart button</span>
				<div class='pre'>skipped</div>
			
		</li>
		<li test-id='13' class='node and skip' status='skip'>
			
			<b>And</b>
			
			<span class="bdd-step-name">And Verify the Message Success: You have added HP LP3065 to your shopping cart</span>
				<div class='pre'>skipped</div>
			
		</li>
		<li test-id='14' class='node and skip' status='skip'>
			
			<b>And</b>
			
			<span class="bdd-step-name">And Click on link shopping cart display into success message</span>
				<div class='pre'>skipped</div>
			
		</li>
		<li test-id='15' class='node and skip' status='skip'>
			
			<b>And</b>
			
			<span class="bdd-step-name">And Verify the text Shopping Cart</span>
				<div class='pre'>skipped</div>
			
		</li>
		<li test-id='16' class='node and skip' status='skip'>
			
			<b>And</b>
			
			<span class="bdd-step-name">And Verify the Product name HP LP3065</span>
				<div class='pre'>skipped</div>
			
		</li>
		<li test-id='17' class='node and skip' status='skip'>
			
			<b>And</b>
			
			<span class="bdd-step-name">And Verify the Model Product21</span>
				<div class='pre'>skipped</div>
			
		</li>
		<li test-id='18' class='node then skip' status='skip'>
			
			<b>Then</b>
			
			<span class="bdd-step-name">Then Verify the Total £74.73</span>
			<ul class='screenshots right'>
				<li><a data-featherlight="image" href="C:\Users\viren\IdeaProjects\com.tutorialsninja.demo-wk-16-virenpatel/src/main/java/com/tutorialsninja/demo/screenshots/verifyProductAddedToShoppingCartSuccessFully()20221219035012.png"><i class='material-icons'>panorama</i></a></li>
			</ul>
				<div class='pre'>skipped</div>
			
		</li>
	</ul>
</div>
					</div>
				</li>
				
				
				<li class='test displayed active has-leaf fail' status='fail' bdd='true' test-id='19'>
					<div class='test-heading'>
						<span class='test-name'>TopMenu Test</span>
						<span class='test-time'>Dec 19, 2022 03:50:13 PM</span>
						<span class='test-status right fail'>fail</span>
					</div>
					<div class='test-content hide'>
<div class='scenario node' test-id='20' status='pass'>
	<span class='duration right label'>0h 0m 3s+729ms</span>
	<div class='desc'>
		<b>Scenario</b>
		<span class="desc-text">verifyUserShouldNavigateToDesktopsPageSuccessfully</span>
	</div>
	<ul class='steps'>
		<li test-id='21' class='node given pass' status='pass'>
			
			<b>Given</b>
			
			<span class="bdd-step-name">Given I am on Home page</span>
				<div class='pre'>passed</div>
			
		</li>
		<li test-id='22' class='node when pass' status='pass'>
			
			<b>When</b>
			
			<span class="bdd-step-name">When Mouse hover on “Desktops” Tab and click</span>
				<div class='pre'>passed</div>
			
		</li>
		<li test-id='23' class='node and pass' status='pass'>
			
			<b>And</b>
			
			<span class="bdd-step-name">And call selectMenu method and pass the menu = Show All Desktops</span>
				<div class='pre'>passed</div>
			
		</li>
		<li test-id='24' class='node then pass' status='pass'>
			
			<b>Then</b>
			
			<span class="bdd-step-name">Then Verify the text ‘Desktops’</span>
				<div class='pre'>passed</div>
			
		</li>
	</ul>
</div>
<div class='scenario node' test-id='25' status='fail'>
	<span class='duration right label'>0h 0m 3s+335ms</span>
	<div class='desc'>
		<b>Scenario</b>
		<span class="desc-text">verifyUserShouldNavigateToLaptopsAndNotebooksPageSuccessfully</span>
	</div>
	<ul class='steps'>
		<li test-id='26' class='node when pass' status='pass'>
			
			<b>When</b>
			
			<span class="bdd-step-name">When Mouse hover on “Laptops & Notebooks” Tab and click</span>
				<div class='pre'>passed</div>
			
		</li>
		<li test-id='27' class='node and pass' status='pass'>
			
			<b>And</b>
			
			<span class="bdd-step-name">And call selectMenu method and pass the menu = Show All Laptops & Notebooks</span>
				<div class='pre'>passed</div>
			
		</li>
		<li test-id='28' class='node then fail' status='fail'>
			
			<b>Then</b>
			
			<span class="bdd-step-name">Then Verify the text ‘Laptops & Notebooks’</span>
			<ul class='screenshots right'>
				<li><a data-featherlight="image" href="C:\Users\viren\IdeaProjects\com.tutorialsninja.demo-wk-16-virenpatel/src/main/java/com/tutorialsninja/demo/screenshots/verifyUserShouldNavigateToLaptopsAndNotebooksPageSuccessfully20221219035021.png"><i class='material-icons'>panorama</i></a></li>
			</ul>
				<div class='pre'><pre>cucumber.runtime.CucumberException: Arity mismatch: Step Definition 'com.tutorialsninja.demo.cucumber.steps.HomePageSteps.verifyTheTextLaptopsNotebooks(int,int) in file:/C:/Users/viren/IdeaProjects/com.tutorialsninja.demo-wk-16-virenpatel/target/test-classes/' with pattern [^Verify the text ‘Laptops & Notebooks’$] is declared with 2 parameters. However, the gherkin step has 0 arguments []. 
Step: Then Verify the text ‘Laptops & Notebooks’
	at cucumber.runtime.StepDefinitionMatch.arityMismatch(StepDefinitionMatch.java:102)
	at cucumber.runtime.StepDefinitionMatch.transformedArgs(StepDefinitionMatch.java:60)
	at cucumber.runtime.StepDefinitionMatch.runStep(StepDefinitionMatch.java:37)
	at cucumber.runtime.Runtime.runStep(Runtime.java:300)
	at cucumber.runtime.model.StepContainer.runStep(StepContainer.java:44)
	at cucumber.runtime.model.StepContainer.runSteps(StepContainer.java:39)
	at cucumber.runtime.model.CucumberScenario.run(CucumberScenario.java:44)
	at cucumber.runtime.junit.ExecutionUnitRunner.run(ExecutionUnitRunner.java:102)
	at cucumber.runtime.junit.FeatureRunner.runChild(FeatureRunner.java:63)
	at cucumber.runtime.junit.FeatureRunner.runChild(FeatureRunner.java:18)
	at org.junit.runners.ParentRunner$4.run(ParentRunner.java:331)
	at org.junit.runners.ParentRunner$1.schedule(ParentRunner.java:79)
	at org.junit.runners.ParentRunner.runChildren(ParentRunner.java:329)
	at org.junit.runners.ParentRunner.access$100(ParentRunner.java:66)
	at org.junit.runners.ParentRunner$2.evaluate(ParentRunner.java:293)
	at org.junit.runners.ParentRunner$3.evaluate(ParentRunner.java:306)
	at org.junit.runners.ParentRunner.run(ParentRunner.java:413)
	at cucumber.runtime.junit.FeatureRunner.run(FeatureRunner.java:70)
	at cucumber.api.junit.Cucumber.runChild(Cucumber.java:95)
	at cucumber.api.junit.Cucumber.runChild(Cucumber.java:38)
	at org.junit.runners.ParentRunner$4.run(ParentRunner.java:331)
	at org.junit.runners.ParentRunner$1.schedule(ParentRunner.java:79)
	at org.junit.runners.ParentRunner.runChildren(ParentRunner.java:329)
	at org.junit.runners.ParentRunner.access$100(ParentRunner.java:66)
	at org.junit.runners.ParentRunner$2.evaluate(ParentRunner.java:293)
	at org.junit.internal.runners.statements.RunAfters.evaluate(RunAfters.java:27)
	at org.junit.runners.ParentRunner$3.evaluate(ParentRunner.java:306)
	at org.junit.runners.ParentRunner.run(ParentRunner.java:413)
	at cucumber.api.junit.Cucumber.run(Cucumber.java:100)
	at org.junit.runner.JUnitCore.run(JUnitCore.java:137)
	at com.intellij.junit4.JUnit4IdeaTestRunner.startRunnerWithArgs(JUnit4IdeaTestRunner.java:69)
	at com.intellij.rt.junit.IdeaTestRunner$Repeater$1.execute(IdeaTestRunner.java:38)
	at com.intellij.rt.execution.junit.TestsRepeater.repeat(TestsRepeater.java:11)
	at com.intellij.rt.junit.IdeaTestRunner$Repeater.startRunnerWithArgs(IdeaTestRunner.java:35)
	at com.intellij.rt.junit.JUnitStarter.prepareStreamsAndStart(JUnitStarter.java:235)
	at com.intellij.rt.junit.JUnitStarter.main(JUnitStarter.java:54)
</pre></div>
			
		</li>
	</ul>
</div>
<div class='scenario node' test-id='29' status='fail'>
	<span class='duration right label'>0h 0m 43s+58ms</span>
	<div class='desc'>
		<b>Scenario</b>
		<span class="desc-text">verifyUserShouldNavigateToComponentsPageSuccessfully</span>
	</div>
	<ul class='steps'>
		<li test-id='30' class='node when pass' status='pass'>
			
			<b>When</b>
			
			<span class="bdd-step-name">When Mouse hover on “Components” Tab and click</span>
				<div class='pre'>passed</div>
			
		</li>
		<li test-id='31' class='node and pass' status='pass'>
			
			<b>And</b>
			
			<span class="bdd-step-name">And call selectMenu method and pass the menu = Show All Components</span>
				<div class='pre'>passed</div>
			
		</li>
		<li test-id='32' class='node then fail' status='fail'>
			
			<b>Then</b>
			
			<span class="bdd-step-name">Then Verify the text ‘Components’</span>
			<ul class='screenshots right'>
				<li><a data-featherlight="image" href="C:\Users\viren\IdeaProjects\com.tutorialsninja.demo-wk-16-virenpatel/src/main/java/com/tutorialsninja/demo/screenshots/verifyUserShouldNavigateToComponentsPageSuccessfully20221219035105.png"><i class='material-icons'>panorama</i></a></li>
			</ul>
				<div class='pre'><pre>org.openqa.selenium.NoSuchElementException: no such element: Unable to locate element: {"method":"xpath","selector":"//h2[contains(text(),'Components')]"}
  (Session info: chrome=108.0.5359.125)
For documentation on this error, please visit: https://selenium.dev/exceptions/#no_such_element
Build info: version: '4.6.0', revision: '79f1c02ae20'
System info: os.name: 'Windows 10', os.arch: 'amd64', os.version: '10.0', java.version: '1.8.0_121'
Driver info: org.openqa.selenium.chrome.ChromeDriver
Command: [ee55f7b5b5f10119a37ca6fc5beeabc3, findElement {using=xpath, value=//h2[contains(text(),'Components')]}]
Capabilities {acceptInsecureCerts: false, browserName: chrome, browserVersion: 108.0.5359.125, chrome: {chromedriverVersion: 108.0.5359.71 (1e0e3868ee06..., userDataDir: C:\Users\viren\AppData\Loca...}, goog:chromeOptions: {debuggerAddress: localhost:52684}, networkConnectionEnabled: false, pageLoadStrategy: normal, platformName: WINDOWS, proxy: Proxy(), se:cdp: ws://localhost:52684/devtoo..., se:cdpVersion: 108.0.5359.125, setWindowRect: true, strictFileInteractability: false, timeouts: {implicit: 0, pageLoad: 300000, script: 30000}, unhandledPromptBehavior: dismiss and notify, webauthn:extension:credBlob: true, webauthn:extension:largeBlob: true, webauthn:virtualAuthenticators: true}
Session ID: ee55f7b5b5f10119a37ca6fc5beeabc3
	at sun.reflect.NativeConstructorAccessorImpl.newInstance0(Native Method)
	at sun.reflect.NativeConstructorAccessorImpl.newInstance(NativeConstructorAccessorImpl.java:62)
	at sun.reflect.DelegatingConstructorAccessorImpl.newInstance(DelegatingConstructorAccessorImpl.java:45)
	at java.lang.reflect.Constructor.newInstance(Constructor.java:423)
	at org.openqa.selenium.remote.codec.w3c.W3CHttpResponseCodec.createException(W3CHttpResponseCodec.java:200)
	at org.openqa.selenium.remote.codec.w3c.W3CHttpResponseCodec.decode(W3CHttpResponseCodec.java:133)
	at org.openqa.selenium.remote.codec.w3c.W3CHttpResponseCodec.decode(W3CHttpResponseCodec.java:53)
	at org.openqa.selenium.remote.HttpCommandExecutor.execute(HttpCommandExecutor.java:184)
	at org.openqa.selenium.remote.service.DriverCommandExecutor.invokeExecute(DriverCommandExecutor.java:167)
	at org.openqa.selenium.remote.service.DriverCommandExecutor.execute(DriverCommandExecutor.java:142)
	at org.openqa.selenium.remote.RemoteWebDriver.execute(RemoteWebDriver.java:541)
	at org.openqa.selenium.remote.ElementLocation$ElementFinder$2.findElement(ElementLocation.java:162)
	at org.openqa.selenium.remote.ElementLocation.findElement(ElementLocation.java:60)
	at org.openqa.selenium.remote.RemoteWebDriver.findElement(RemoteWebDriver.java:365)
	at org.openqa.selenium.remote.RemoteWebDriver.findElement(RemoteWebDriver.java:357)
	at org.openqa.selenium.support.pagefactory.DefaultElementLocator.findElement(DefaultElementLocator.java:70)
	at org.openqa.selenium.support.pagefactory.internal.LocatingElementHandler.invoke(LocatingElementHandler.java:39)
	at com.sun.proxy.$Proxy24.getText(Unknown Source)
	at com.tutorialsninja.demo.utility.Utility.getTextFromElement(Utility.java:62)
	at com.tutorialsninja.demo.pages.HomePage.getVerifyText2(HomePage.java:74)
	at com.tutorialsninja.demo.cucumber.steps.HomePageSteps.verifyTheTextComponents(HomePageSteps.java:58)
	at ✽.Then Verify the text ‘Components’(homepage.feature:18)
</pre></div>
			
		</li>
	</ul>
</div>
					</div>
				</li>
				
				
				<li class='test displayed active has-leaf fail' status='fail' bdd='true' test-id='33'>
					<div class='test-heading'>
						<span class='test-name'>Laptop And Notebooks Test</span>
						<span class='test-time'>Dec 19, 2022 03:51:06 PM</span>
						<span class='test-status right fail'>fail</span>
					</div>
					<div class='test-content hide'>
<div class='scenario node' test-id='34' status='pass'>
	<span class='duration right label'>0h 0m 8s+49ms</span>
	<div class='desc'>
		<b>Scenario</b>
		<span class="desc-text">verifyProductsPriceDisplayHighToLowSuccessfully()</span>
	</div>
	<ul class='steps'>
		<li test-id='35' class='node given pass' status='pass'>
			
			<b>Given</b>
			
			<span class="bdd-step-name">Given I am on Home page</span>
				<div class='pre'>passed</div>
			
		</li>
		<li test-id='36' class='node when pass' status='pass'>
			
			<b>When</b>
			
			<span class="bdd-step-name">When Mouse hover on Laptops & NotebooksTabandclick</span>
				<div class='pre'>passed</div>
			
		</li>
		<li test-id='37' class='node and pass' status='pass'>
			
			<b>And</b>
			
			<span class="bdd-step-name">And Click on Show All Laptops & Notebooks</span>
				<div class='pre'>passed</div>
			
		</li>
		<li test-id='38' class='node then pass' status='pass'>
			
			<b>Then</b>
			
			<span class="bdd-step-name">Then Select Sort By Price (High > Low)</span>
				<div class='pre'>passed</div>
			
		</li>
	</ul>
</div>
<div class='scenario node' test-id='39' status='fail'>
	<span class='duration right label'>0h 0m 46s+988ms</span>
	<div class='desc'>
		<b>Scenario</b>
		<span class="desc-text">verifyThatUserPlaceOrderSuccessfully()</span>
	</div>
	<ul class='steps'>
		<li test-id='40' class='node when pass' status='pass'>
			
			<b>When</b>
			
			<span class="bdd-step-name">When Mouse hover on Laptops & NotebooksTabandclick1</span>
				<div class='pre'>passed</div>
			
		</li>
		<li test-id='41' class='node and pass' status='pass'>
			
			<b>And</b>
			
			<span class="bdd-step-name">And Click on Show All Laptops & Notebooks1</span>
				<div class='pre'>passed</div>
			
		</li>
		<li test-id='42' class='node and pass' status='pass'>
			
			<b>And</b>
			
			<span class="bdd-step-name">And Select Sort By Price (High > Low)</span>
				<div class='pre'>passed</div>
			
		</li>
		<li test-id='43' class='node and pass' status='pass'>
			
			<b>And</b>
			
			<span class="bdd-step-name">And Select Product MacBook</span>
				<div class='pre'>passed</div>
			
		</li>
		<li test-id='44' class='node and pass' status='pass'>
			
			<b>And</b>
			
			<span class="bdd-step-name">And Verify the text MacBook</span>
				<div class='pre'>passed</div>
			
		</li>
		<li test-id='45' class='node and pass' status='pass'>
			
			<b>And</b>
			
			<span class="bdd-step-name">And Click on Add To Cart button</span>
				<div class='pre'>passed</div>
			
		</li>
		<li test-id='46' class='node and pass' status='pass'>
			
			<b>And</b>
			
			<span class="bdd-step-name">And Verify the message Success: You have added MacBook to your shopping cart</span>
				<div class='pre'>passed</div>
			
		</li>
		<li test-id='47' class='node and pass' status='pass'>
			
			<b>And</b>
			
			<span class="bdd-step-name">And Click on link shopping cart display into success message</span>
				<div class='pre'>passed</div>
			
		</li>
		<li test-id='48' class='node and fail' status='fail'>
			
			<b>And</b>
			
			<span class="bdd-step-name">And Verify the text "Shopping Cart</span>
				<div class='pre'><pre>org.openqa.selenium.NoSuchElementException: no such element: Unable to locate element: {"method":"xpath","selector":"//h2[contains(text(),'Laptops & Notebooks')]"}
  (Session info: chrome=108.0.5359.125)
For documentation on this error, please visit: https://selenium.dev/exceptions/#no_such_element
Build info: version: '4.6.0', revision: '79f1c02ae20'
System info: os.name: 'Windows 10', os.arch: 'amd64', os.version: '10.0', java.version: '1.8.0_121'
Driver info: org.openqa.selenium.chrome.ChromeDriver
Command: [fd309abecc32ca0aa10c5eec4e3edfce, findElement {using=xpath, value=//h2[contains(text(),'Laptops & Notebooks')]}]
Capabilities {acceptInsecureCerts: false, browserName: chrome, browserVersion: 108.0.5359.125, chrome: {chromedriverVersion: 108.0.5359.71 (1e0e3868ee06..., userDataDir: C:\Users\viren\AppData\Loca...}, goog:chromeOptions: {debuggerAddress: localhost:52743}, networkConnectionEnabled: false, pageLoadStrategy: normal, platformName: WINDOWS, proxy: Proxy(), se:cdp: ws://localhost:52743/devtoo..., se:cdpVersion: 108.0.5359.125, setWindowRect: true, strictFileInteractability: false, timeouts: {implicit: 0, pageLoad: 300000, script: 30000}, unhandledPromptBehavior: dismiss and notify, webauthn:extension:credBlob: true, webauthn:extension:largeBlob: true, webauthn:virtualAuthenticators: true}
Session ID: fd309abecc32ca0aa10c5eec4e3edfce
	at sun.reflect.NativeConstructorAccessorImpl.newInstance0(Native Method)
	at sun.reflect.NativeConstructorAccessorImpl.newInstance(NativeConstructorAccessorImpl.java:62)
	at sun.reflect.DelegatingConstructorAccessorImpl.newInstance(DelegatingConstructorAccessorImpl.java:45)
	at java.lang.reflect.Constructor.newInstance(Constructor.java:423)
	at org.openqa.selenium.remote.codec.w3c.W3CHttpResponseCodec.createException(W3CHttpResponseCodec.java:200)
	at org.openqa.selenium.remote.codec.w3c.W3CHttpResponseCodec.decode(W3CHttpResponseCodec.java:133)
	at org.openqa.selenium.remote.codec.w3c.W3CHttpResponseCodec.decode(W3CHttpResponseCodec.java:53)
	at org.openqa.selenium.remote.HttpCommandExecutor.execute(HttpCommandExecutor.java:184)
	at org.openqa.selenium.remote.service.DriverCommandExecutor.invokeExecute(DriverCommandExecutor.java:167)
	at org.openqa.selenium.remote.service.DriverCommandExecutor.execute(DriverCommandExecutor.java:142)
	at org.openqa.selenium.remote.RemoteWebDriver.execute(RemoteWebDriver.java:541)
	at org.openqa.selenium.remote.ElementLocation$ElementFinder$2.findElement(ElementLocation.java:162)
	at org.openqa.selenium.remote.ElementLocation.findElement(ElementLocation.java:60)
	at org.openqa.selenium.remote.RemoteWebDriver.findElement(RemoteWebDriver.java:365)
	at org.openqa.selenium.remote.RemoteWebDriver.findElement(RemoteWebDriver.java:357)
	at org.openqa.selenium.support.pagefactory.DefaultElementLocator.findElement(DefaultElementLocator.java:70)
	at org.openqa.selenium.support.pagefactory.internal.LocatingElementHandler.invoke(LocatingElementHandler.java:39)
	at com.sun.proxy.$Proxy24.getText(Unknown Source)
	at com.tutorialsninja.demo.utility.Utility.getTextFromElement(Utility.java:62)
	at com.tutorialsninja.demo.pages.LaptopsAndNotebooks.getVerifyCart(LaptopsAndNotebooks.java:219)
	at com.tutorialsninja.demo.cucumber.steps.LaptopAndNoteBooksSteps.verifyTheTextShoppingCart(LaptopAndNoteBooksSteps.java:76)
	at ✽.And Verify the text "Shopping Cart(laptopandnotebooks.feature:19)
</pre></div>
			
		</li>
		<li test-id='49' class='node and skip' status='skip'>
			
			<b>And</b>
			
			<span class="bdd-step-name">And Verify the Product name "MacBook</span>
				<div class='pre'>skipped</div>
			
		</li>
		<li test-id='50' class='node and skip' status='skip'>
			
			<b>And</b>
			
			<span class="bdd-step-name">And Change Quantity two</span>
				<div class='pre'>skipped</div>
			
		</li>
		<li test-id='51' class='node and skip' status='skip'>
			
			<b>And</b>
			
			<span class="bdd-step-name">And Click on Update Tab</span>
				<div class='pre'>skipped</div>
			
		</li>
		<li test-id='52' class='node and skip' status='skip'>
			
			<b>And</b>
			
			<span class="bdd-step-name">And Verify the message Success: You have modified your shopping cart</span>
				<div class='pre'>skipped</div>
			
		</li>
		<li test-id='53' class='node and skip' status='skip'>
			
			<b>And</b>
			
			<span class="bdd-step-name">And Verify the Total</span>
				<div class='pre'>skipped</div>
			
		</li>
		<li test-id='54' class='node and skip' status='skip'>
			
			<b>And</b>
			
			<span class="bdd-step-name">And Click on Checkout button</span>
				<div class='pre'>skipped</div>
			
		</li>
		<li test-id='55' class='node and skip' status='skip'>
			
			<b>And</b>
			
			<span class="bdd-step-name">And Verify the text Checkout</span>
				<div class='pre'>skipped</div>
			
		</li>
		<li test-id='56' class='node and skip' status='skip'>
			
			<b>And</b>
			
			<span class="bdd-step-name">And Verify the Text New Customer</span>
				<div class='pre'>skipped</div>
			
		</li>
		<li test-id='57' class='node and skip' status='skip'>
			
			<b>And</b>
			
			<span class="bdd-step-name">And Click on Guest Checkout radio button</span>
				<div class='pre'>skipped</div>
			
		</li>
		<li test-id='58' class='node and skip' status='skip'>
			
			<b>And</b>
			
			<span class="bdd-step-name">And Click on Continue tab</span>
				<div class='pre'>skipped</div>
			
		</li>
		<li test-id='59' class='node and skip' status='skip'>
			
			<b>And</b>
			
			<span class="bdd-step-name">And Click on Continue Button</span>
				<div class='pre'>skipped</div>
			
		</li>
		<li test-id='60' class='node and skip' status='skip'>
			
			<b>And</b>
			
			<span class="bdd-step-name">And Add Comments About your order into text area</span>
				<div class='pre'>skipped</div>
			
		</li>
		<li test-id='61' class='node and skip' status='skip'>
			
			<b>And</b>
			
			<span class="bdd-step-name">And Check the Terms & Conditions check box</span>
				<div class='pre'>skipped</div>
			
		</li>
		<li test-id='62' class='node and skip' status='skip'>
			
			<b>And</b>
			
			<span class="bdd-step-name">And Click on Continue button</span>
				<div class='pre'>skipped</div>
			
		</li>
		<li test-id='63' class='node then skip' status='skip'>
			
			<b>Then</b>
			
			<span class="bdd-step-name">Then Verify the message Warning: Payment method required</span>
			<ul class='screenshots right'>
				<li><a data-featherlight="image" href="C:\Users\viren\IdeaProjects\com.tutorialsninja.demo-wk-16-virenpatel/src/main/java/com/tutorialsninja/demo/screenshots/verifyThatUserPlaceOrderSuccessfully()20221219035202.png"><i class='material-icons'>panorama</i></a></li>
			</ul>
				<div class='pre'>skipped</div>
			
		</li>
	</ul>
</div>
					</div>
				</li>
				
				
				<li class='test displayed active has-leaf fail' status='fail' bdd='true' test-id='64'>
					<div class='test-heading'>
						<span class='test-name'>My Account Test</span>
						<span class='test-time'>Dec 19, 2022 03:52:03 PM</span>
						<span class='test-status right fail'>fail</span>
					</div>
					<div class='test-content hide'>
<div class='scenario node' test-id='65' status='pass'>
	<span class='duration right label'>0h 0m 24s+654ms</span>
	<div class='desc'>
		<b>Scenario</b>
		<span class="desc-text">verifyUserShouldNavigateToRegisterPageSuccessfully()</span>
	</div>
	<ul class='steps'>
		<li test-id='66' class='node given pass' status='pass'>
			
			<b>Given</b>
			
			<span class="bdd-step-name">Given I am on Home page</span>
				<div class='pre'>passed</div>
			
		</li>
		<li test-id='67' class='node when pass' status='pass'>
			
			<b>When</b>
			
			<span class="bdd-step-name">When I Click on My Account Link</span>
				<div class='pre'>passed</div>
			
		</li>
		<li test-id='68' class='node and pass' status='pass'>
			
			<b>And</b>
			
			<span class="bdd-step-name">And Call the method selectMyAccountOptions method and pass the parameter Register</span>
				<div class='pre'>passed</div>
			
		</li>
		<li test-id='69' class='node then pass' status='pass'>
			
			<b>Then</b>
			
			<span class="bdd-step-name">Then Verify the text Register Account</span>
				<div class='pre'>passed</div>
			
		</li>
	</ul>
</div>
<div class='scenario node' test-id='70' status='pass'>
	<span class='duration right label'>0h 0m 3s+844ms</span>
	<div class='desc'>
		<b>Scenario</b>
		<span class="desc-text">verifyUserShouldNavigateToLoginPageSuccessfully()</span>
	</div>
	<ul class='steps'>
		<li test-id='71' class='node given pass' status='pass'>
			
			<b>Given</b>
			
			<span class="bdd-step-name">Given I am on Home page</span>
				<div class='pre'>passed</div>
			
		</li>
		<li test-id='72' class='node when pass' status='pass'>
			
			<b>When</b>
			
			<span class="bdd-step-name">When I Click on My Account Link</span>
				<div class='pre'>passed</div>
			
		</li>
		<li test-id='73' class='node and pass' status='pass'>
			
			<b>And</b>
			
			<span class="bdd-step-name">And Call the method selectMyAccountOptions method and pass the parameter Login</span>
				<div class='pre'>passed</div>
			
		</li>
		<li test-id='74' class='node then pass' status='pass'>
			
			<b>Then</b>
			
			<span class="bdd-step-name">Then Verify the text Returning Customer</span>
				<div class='pre'>passed</div>
			
		</li>
	</ul>
</div>
<div class='scenario node' test-id='75' status='fail'>
	<span class='duration right label'>0h 0m 44s+30ms</span>
	<div class='desc'>
		<b>Scenario</b>
		<span class="desc-text">verifyThatUserRegisterAccountSuccessfully()</span>
	</div>
	<ul class='steps'>
		<li test-id='76' class='node given pass' status='pass'>
			
			<b>Given</b>
			
			<span class="bdd-step-name">Given I am on Home page</span>
				<div class='pre'>passed</div>
			
		</li>
		<li test-id='77' class='node when pass' status='pass'>
			
			<b>When</b>
			
			<span class="bdd-step-name">When I Click on My Account Link</span>
				<div class='pre'>passed</div>
			
		</li>
		<li test-id='78' class='node and pass' status='pass'>
			
			<b>And</b>
			
			<span class="bdd-step-name">And Call the method “selectMyAccountOptions method and pass the parameter Register</span>
				<div class='pre'>passed</div>
			
		</li>
		<li test-id='79' class='node and pass' status='pass'>
			
			<b>And</b>
			
			<span class="bdd-step-name">And Enter First Name</span>
				<div class='pre'>passed</div>
			
		</li>
		<li test-id='80' class='node and pass' status='pass'>
			
			<b>And</b>
			
			<span class="bdd-step-name">And Enter Last Name</span>
				<div class='pre'>passed</div>
			
		</li>
		<li test-id='81' class='node and pass' status='pass'>
			
			<b>And</b>
			
			<span class="bdd-step-name">And Enter Email</span>
				<div class='pre'>passed</div>
			
		</li>
		<li test-id='82' class='node and pass' status='pass'>
			
			<b>And</b>
			
			<span class="bdd-step-name">And Enter Telephone</span>
				<div class='pre'>passed</div>
			
		</li>
		<li test-id='83' class='node and pass' status='pass'>
			
			<b>And</b>
			
			<span class="bdd-step-name">And Enter Password</span>
				<div class='pre'>passed</div>
			
		</li>
		<li test-id='84' class='node and pass' status='pass'>
			
			<b>And</b>
			
			<span class="bdd-step-name">And Enter Password Confirm</span>
				<div class='pre'>passed</div>
			
		</li>
		<li test-id='85' class='node and pass' status='pass'>
			
			<b>And</b>
			
			<span class="bdd-step-name">And Select Subscribe Yes radio button</span>
				<div class='pre'>passed</div>
			
		</li>
		<li test-id='86' class='node and pass' status='pass'>
			
			<b>And</b>
			
			<span class="bdd-step-name">And Click on Privacy Policy check box</span>
				<div class='pre'>passed</div>
			
		</li>
		<li test-id='87' class='node and fail' status='fail'>
			
			<b>And</b>
			
			<span class="bdd-step-name">And Click on Continue button</span>
				<div class='pre'><pre>org.openqa.selenium.NoSuchElementException: no such element: Unable to locate element: {"method":"xpath","selector":"//input[@id='button-payment-method']"}
  (Session info: chrome=108.0.5359.125)
For documentation on this error, please visit: https://selenium.dev/exceptions/#no_such_element
Build info: version: '4.6.0', revision: '79f1c02ae20'
System info: os.name: 'Windows 10', os.arch: 'amd64', os.version: '10.0', java.version: '1.8.0_121'
Driver info: org.openqa.selenium.chrome.ChromeDriver
Command: [c05f702731ea9854777d2c58edc23f84, findElement {using=xpath, value=//input[@id='button-payment-method']}]
Capabilities {acceptInsecureCerts: false, browserName: chrome, browserVersion: 108.0.5359.125, chrome: {chromedriverVersion: 108.0.5359.71 (1e0e3868ee06..., userDataDir: C:\Users\viren\AppData\Loca...}, goog:chromeOptions: {debuggerAddress: localhost:52845}, networkConnectionEnabled: false, pageLoadStrategy: normal, platformName: WINDOWS, proxy: Proxy(), se:cdp: ws://localhost:52845/devtoo..., se:cdpVersion: 108.0.5359.125, setWindowRect: true, strictFileInteractability: false, timeouts: {implicit: 0, pageLoad: 300000, script: 30000}, unhandledPromptBehavior: dismiss and notify, webauthn:extension:credBlob: true, webauthn:extension:largeBlob: true, webauthn:virtualAuthenticators: true}
Session ID: c05f702731ea9854777d2c58edc23f84
	at sun.reflect.NativeConstructorAccessorImpl.newInstance0(Native Method)
	at sun.reflect.NativeConstructorAccessorImpl.newInstance(NativeConstructorAccessorImpl.java:62)
	at sun.reflect.DelegatingConstructorAccessorImpl.newInstance(DelegatingConstructorAccessorImpl.java:45)
	at java.lang.reflect.Constructor.newInstance(Constructor.java:423)
	at org.openqa.selenium.remote.codec.w3c.W3CHttpResponseCodec.createException(W3CHttpResponseCodec.java:200)
	at org.openqa.selenium.remote.codec.w3c.W3CHttpResponseCodec.decode(W3CHttpResponseCodec.java:133)
	at org.openqa.selenium.remote.codec.w3c.W3CHttpResponseCodec.decode(W3CHttpResponseCodec.java:53)
	at org.openqa.selenium.remote.HttpCommandExecutor.execute(HttpCommandExecutor.java:184)
	at org.openqa.selenium.remote.service.DriverCommandExecutor.invokeExecute(DriverCommandExecutor.java:167)
	at org.openqa.selenium.remote.service.DriverCommandExecutor.execute(DriverCommandExecutor.java:142)
	at org.openqa.selenium.remote.RemoteWebDriver.execute(RemoteWebDriver.java:541)
	at org.openqa.selenium.remote.ElementLocation$ElementFinder$2.findElement(ElementLocation.java:162)
	at org.openqa.selenium.remote.ElementLocation.findElement(ElementLocation.java:60)
	at org.openqa.selenium.remote.RemoteWebDriver.findElement(RemoteWebDriver.java:365)
	at org.openqa.selenium.remote.RemoteWebDriver.findElement(RemoteWebDriver.java:357)
	at com.tutorialsninja.demo.utility.Utility.clickOnElement(Utility.java:46)
	at com.tutorialsninja.demo.pages.LaptopsAndNotebooks.clickContinue(LaptopsAndNotebooks.java:350)
	at com.tutorialsninja.demo.cucumber.steps.LaptopAndNoteBooksSteps.clickOnContinueButton2(LaptopAndNoteBooksSteps.java:204)
	at ✽.And Click on Continue button(myaccount.feature:28)
</pre></div>
			
		</li>
		<li test-id='88' class='node and skip' status='skip'>
			
			<b>And</b>
			
			<span class="bdd-step-name">And Verify the message “Your Account Has Been Created</span>
				<div class='pre'>skipped</div>
			
		</li>
		<li test-id='89' class='node and skip' status='skip'>
			
			<b>And</b>
			
			<span class="bdd-step-name">And Click on Continue button</span>
				<div class='pre'>skipped</div>
			
		</li>
		<li test-id='90' class='node and skip' status='skip'>
			
			<b>And</b>
			
			<span class="bdd-step-name">And Clickr on My Account Link.</span>
				<div class='pre'>skipped</div>
			
		</li>
		<li test-id='91' class='node and skip' status='skip'>
			
			<b>And</b>
			
			<span class="bdd-step-name">And Call the method “selectMyAccountOptions” method and pass the parameter Logout</span>
				<div class='pre'>skipped</div>
			
		</li>
		<li test-id='92' class='node and skip' status='skip'>
			
			<b>And</b>
			
			<span class="bdd-step-name">And Verify the text “Account Logout”</span>
				<div class='pre'>skipped</div>
			
		</li>
		<li test-id='93' class='node then skip' status='skip'>
			
			<b>Then</b>
			
			<span class="bdd-step-name">Then Click on Continue button</span>
			<ul class='screenshots right'>
				<li><a data-featherlight="image" href="C:\Users\viren\IdeaProjects\com.tutorialsninja.demo-wk-16-virenpatel/src/main/java/com/tutorialsninja/demo/screenshots/verifyThatUserRegisterAccountSuccessfully()20221219035317.png"><i class='material-icons'>panorama</i></a></li>
			</ul>
				<div class='pre'>skipped</div>
			
		</li>
	</ul>
</div>
<div class='scenario node' test-id='94' status='fail'>
	<span class='duration right label'>0h 0m 44s+652ms</span>
	<div class='desc'>
		<b>Scenario</b>
		<span class="desc-text">verifyThatUserShouldLoginAndLogoutSuccessfully()</span>
	</div>
	<ul class='steps'>
		<li test-id='95' class='node given pass' status='pass'>
			
			<b>Given</b>
			
			<span class="bdd-step-name">Given I am on Home page</span>
				<div class='pre'>passed</div>
			
		</li>
		<li test-id='96' class='node when pass' status='pass'>
			
			<b>When</b>
			
			<span class="bdd-step-name">When Click on MyAccount Link4</span>
				<div class='pre'>passed</div>
			
		</li>
		<li test-id='97' class='node and pass' status='pass'>
			
			<b>And</b>
			
			<span class="bdd-step-name">And Call the method selectMyAccountOptions method and pass the parameter Login</span>
				<div class='pre'>passed</div>
			
		</li>
		<li test-id='98' class='node and pass' status='pass'>
			
			<b>And</b>
			
			<span class="bdd-step-name">And Enter Email address</span>
				<div class='pre'>passed</div>
			
		</li>
		<li test-id='99' class='node and pass' status='pass'>
			
			<b>And</b>
			
			<span class="bdd-step-name">And Enter Pass word</span>
				<div class='pre'>passed</div>
			
		</li>
		<li test-id='100' class='node and pass' status='pass'>
			
			<b>And</b>
			
			<span class="bdd-step-name">And Click on Login button</span>
				<div class='pre'>passed</div>
			
		</li>
		<li test-id='101' class='node and fail' status='fail'>
			
			<b>And</b>
			
			<span class="bdd-step-name">And Click on My Account Link5</span>
				<div class='pre'><pre>org.openqa.selenium.NoSuchElementException: no such element: Unable to locate element: {"method":"xpath","selector":"//form[contains(@action,'login')]//input[@type='submit']"}
  (Session info: chrome=108.0.5359.125)
For documentation on this error, please visit: https://selenium.dev/exceptions/#no_such_element
Build info: version: '4.6.0', revision: '79f1c02ae20'
System info: os.name: 'Windows 10', os.arch: 'amd64', os.version: '10.0', java.version: '1.8.0_121'
Driver info: org.openqa.selenium.chrome.ChromeDriver
Command: [dfe2bc075c74a7f38bbb538de5f103d9, findElement {using=xpath, value=//form[contains(@action,'login')]//input[@type='submit']}]
Capabilities {acceptInsecureCerts: false, browserName: chrome, browserVersion: 108.0.5359.125, chrome: {chromedriverVersion: 108.0.5359.71 (1e0e3868ee06..., userDataDir: C:\Users\viren\AppData\Loca...}, goog:chromeOptions: {debuggerAddress: localhost:52877}, networkConnectionEnabled: false, pageLoadStrategy: normal, platformName: WINDOWS, proxy: Proxy(), se:cdp: ws://localhost:52877/devtoo..., se:cdpVersion: 108.0.5359.125, setWindowRect: true, strictFileInteractability: false, timeouts: {implicit: 0, pageLoad: 300000, script: 30000}, unhandledPromptBehavior: dismiss and notify, webauthn:extension:credBlob: true, webauthn:extension:largeBlob: true, webauthn:virtualAuthenticators: true}
Session ID: dfe2bc075c74a7f38bbb538de5f103d9
	at sun.reflect.NativeConstructorAccessorImpl.newInstance0(Native Method)
	at sun.reflect.NativeConstructorAccessorImpl.newInstance(NativeConstructorAccessorImpl.java:62)
	at sun.reflect.DelegatingConstructorAccessorImpl.newInstance(DelegatingConstructorAccessorImpl.java:45)
	at java.lang.reflect.Constructor.newInstance(Constructor.java:423)
	at org.openqa.selenium.remote.codec.w3c.W3CHttpResponseCodec.createException(W3CHttpResponseCodec.java:200)
	at org.openqa.selenium.remote.codec.w3c.W3CHttpResponseCodec.decode(W3CHttpResponseCodec.java:133)
	at org.openqa.selenium.remote.codec.w3c.W3CHttpResponseCodec.decode(W3CHttpResponseCodec.java:53)
	at org.openqa.selenium.remote.HttpCommandExecutor.execute(HttpCommandExecutor.java:184)
	at org.openqa.selenium.remote.service.DriverCommandExecutor.invokeExecute(DriverCommandExecutor.java:167)
	at org.openqa.selenium.remote.service.DriverCommandExecutor.execute(DriverCommandExecutor.java:142)
	at org.openqa.selenium.remote.RemoteWebDriver.execute(RemoteWebDriver.java:541)
	at org.openqa.selenium.remote.ElementLocation$ElementFinder$2.findElement(ElementLocation.java:162)
	at org.openqa.selenium.remote.ElementLocation.findElement(ElementLocation.java:60)
	at org.openqa.selenium.remote.RemoteWebDriver.findElement(RemoteWebDriver.java:365)
	at org.openqa.selenium.remote.RemoteWebDriver.findElement(RemoteWebDriver.java:357)
	at org.openqa.selenium.support.pagefactory.DefaultElementLocator.findElement(DefaultElementLocator.java:70)
	at org.openqa.selenium.support.pagefactory.internal.LocatingElementHandler.invoke(LocatingElementHandler.java:39)
	at com.sun.proxy.$Proxy24.click(Unknown Source)
	at com.tutorialsninja.demo.utility.Utility.clickOnElement(Utility.java:51)
	at com.tutorialsninja.demo.pages.MyAccount.clickOnLogin(MyAccount.java:165)
	at com.tutorialsninja.demo.cucumber.steps.MyAccountSteps.clickOnMyAccountLink5(MyAccountSteps.java:152)
	at ✽.And Click on My Account Link5(myaccount.feature:45)
</pre></div>
			
		</li>
		<li test-id='102' class='node and skip' status='skip'>
			
			<b>And</b>
			
			<span class="bdd-step-name">And Call the method selectMyAccountOptions method and pass the parameter Logout</span>
				<div class='pre'>skipped</div>
			
		</li>
		<li test-id='103' class='node and skip' status='skip'>
			
			<b>And</b>
			
			<span class="bdd-step-name">And Verify the text Account Logout</span>
				<div class='pre'>skipped</div>
			
		</li>
		<li test-id='104' class='node and skip' status='skip'>
			
			<b>And</b>
			
			<span class="bdd-step-name">And Click on Continue button1</span>
			<ul class='screenshots right'>
				<li><a data-featherlight="image" href="C:\Users\viren\IdeaProjects\com.tutorialsninja.demo-wk-16-virenpatel/src/main/java/com/tutorialsninja/demo/screenshots/verifyThatUserShouldLoginAndLogoutSuccessfully()20221219035402.png"><i class='material-icons'>panorama</i></a></li>
			</ul>
				<div class='pre'>skipped</div>
			
		</li>
	</ul>
</div>
					</div>
				</li>
			</ul>
		</div>
	</div>
	<!-- subview left -->

	<div class='subview-right left'>
		<div class='view-summary'>
			<h5 class='test-name'></h5>

			<div id='step-filters' class="right">
				<span class="blue-text" status="info" alt="info" title="info"><i class="material-icons">info_outline</i></span>
				<span class="green-text" status="pass" alt="pass" title="pass"><i class="material-icons">check_circle</i></span>
				<span class="red-text" status="fail" alt="fail" title="fail"><i class="material-icons">cancel</i></span>
				<span class="red-text text-darken-4" status="fatal" alt="fatal" title="fatal"><i class="material-icons">cancel</i></span>
				<span class="pink-text text-lighten-1" status="error" alt="error" title="error"><i class="material-icons">error</i></span>
				<span class="orange-text" alt="warning" status="warning" title="warning"><i class="material-icons">warning</i></span>
				<span class="teal-text" status="skip" alt="skip" title="skip"><i class="material-icons">redo</i></span>
				<span status="clear" alt="Clear filters" title="Clear filters"><i class="material-icons">clear</i></span>
			</div>
		</div>
	</div>
	<!-- subview right -->

</div>
<!-- test view -->
<!-- category view -->
<div id='exception-view' class='view hide'>

    <section id='controls'>
        <div class='controls grey lighten-4'>
            <!-- search -->
            <div class='chip transparent' alt='Search Tests' title='Search Tests'>
                <a href="#" class='search-div'>
                    <i class='material-icons'>search</i> Search
                </a>

                <div class='input-field left hide'>
                    <input id='search-tests' type='text' class='validate browser-default' placeholder='Search Tests...'>
                </div>

            </div>
            <!-- search -->
        </div>
    </section>

    <div class='subview-left left'>

        <div class='view-summary'>
            <h5>Exceptions</h3>
                <ul id='exception-collection' class='exception-collection'>

                        <li class='exception displayed active'>
                            <div class='exception-heading'>
                                <span class='exception-name'>cucumber.runtime.CucumberException</span>
                                <span class='exception-count right'><span class='label red lighten-1 white-text'>2</span></span>
                            </div>
                            <div class='exception-content hide'>
                                <div class='exception-tests'>
                                    <table class='bordered table-results'>
                                        <thead>
                                        <tr>
                                            <th>Timestamp</th>
                                            <th>TestName</th>
                                            <th>Status</th>
                                        </tr>
                                        </thead>
                                        <tbody>
                                                    <tr>
                                                        <td>Dec 19, 2022 03:50:12 PM</td>
                                                        <td class='linked' test-id='9'>Desktop Test.verifyProductAddedToShoppingCartSuccessFully().And Select product HP LP3065</td>
                                                        <td><pre><pre>cucumber.runtime.CucumberException: Arity mismatch: Step Definition 'com.tutorialsninja.demo.cucumber.steps.DesktopSteps.selectProductHPLP() in file:/C:/Users/viren/IdeaProjects/com.tutorialsninja.demo-wk-16-virenpatel/target/test-classes/' with pattern [^Select product HP LP(\d+)$] is declared with 0 parameters. However, the gherkin step has 1 arguments [3065]. 
Step: And Select product HP LP3065
	at cucumber.runtime.StepDefinitionMatch.arityMismatch(StepDefinitionMatch.java:102)
	at cucumber.runtime.StepDefinitionMatch.transformedArgs(StepDefinitionMatch.java:60)
	at cucumber.runtime.StepDefinitionMatch.runStep(StepDefinitionMatch.java:37)
	at cucumber.runtime.Runtime.runStep(Runtime.java:300)
	at cucumber.runtime.model.StepContainer.runStep(StepContainer.java:44)
	at cucumber.runtime.model.StepContainer.runSteps(StepContainer.java:39)
	at cucumber.runtime.model.CucumberScenario.run(CucumberScenario.java:44)
	at cucumber.runtime.junit.ExecutionUnitRunner.run(ExecutionUnitRunner.java:102)
	at cucumber.runtime.junit.FeatureRunner.runChild(FeatureRunner.java:63)
	at cucumber.runtime.junit.FeatureRunner.runChild(FeatureRunner.java:18)
	at org.junit.runners.ParentRunner$4.run(ParentRunner.java:331)
	at org.junit.runners.ParentRunner$1.schedule(ParentRunner.java:79)
	at org.junit.runners.ParentRunner.runChildren(ParentRunner.java:329)
	at org.junit.runners.ParentRunner.access$100(ParentRunner.java:66)
	at org.junit.runners.ParentRunner$2.evaluate(ParentRunner.java:293)
	at org.junit.runners.ParentRunner$3.evaluate(ParentRunner.java:306)
	at org.junit.runners.ParentRunner.run(ParentRunner.java:413)
	at cucumber.runtime.junit.FeatureRunner.run(FeatureRunner.java:70)
	at cucumber.api.junit.Cucumber.runChild(Cucumber.java:95)
	at cucumber.api.junit.Cucumber.runChild(Cucumber.java:38)
	at org.junit.runners.ParentRunner$4.run(ParentRunner.java:331)
	at org.junit.runners.ParentRunner$1.schedule(ParentRunner.java:79)
	at org.junit.runners.ParentRunner.runChildren(ParentRunner.java:329)
	at org.junit.runners.ParentRunner.access$100(ParentRunner.java:66)
	at org.junit.runners.ParentRunner$2.evaluate(ParentRunner.java:293)
	at org.junit.internal.runners.statements.RunAfters.evaluate(RunAfters.java:27)
	at org.junit.runners.ParentRunner$3.evaluate(ParentRunner.java:306)
	at org.junit.runners.ParentRunner.run(ParentRunner.java:413)
	at cucumber.api.junit.Cucumber.run(Cucumber.java:100)
	at org.junit.runner.JUnitCore.run(JUnitCore.java:137)
	at com.intellij.junit4.JUnit4IdeaTestRunner.startRunnerWithArgs(JUnit4IdeaTestRunner.java:69)
	at com.intellij.rt.junit.IdeaTestRunner$Repeater$1.execute(IdeaTestRunner.java:38)
	at com.intellij.rt.execution.junit.TestsRepeater.repeat(TestsRepeater.java:11)
	at com.intellij.rt.junit.IdeaTestRunner$Repeater.startRunnerWithArgs(IdeaTestRunner.java:35)
	at com.intellij.rt.junit.JUnitStarter.prepareStreamsAndStart(JUnitStarter.java:235)
	at com.intellij.rt.junit.JUnitStarter.main(JUnitStarter.java:54)
</pre></pre></td>
                                                    </tr>
                                                    <tr>
                                                        <td>Dec 19, 2022 03:50:21 PM</td>
                                                        <td class='linked' test-id='28'>TopMenu Test.verifyUserShouldNavigateToLaptopsAndNotebooksPageSuccessfully.Then Verify the text ‘Laptops & Notebooks’</td>
                                                        <td><pre><pre>cucumber.runtime.CucumberException: Arity mismatch: Step Definition 'com.tutorialsninja.demo.cucumber.steps.HomePageSteps.verifyTheTextLaptopsNotebooks(int,int) in file:/C:/Users/viren/IdeaProjects/com.tutorialsninja.demo-wk-16-virenpatel/target/test-classes/' with pattern [^Verify the text ‘Laptops & Notebooks’$] is declared with 2 parameters. However, the gherkin step has 0 arguments []. 
Step: Then Verify the text ‘Laptops & Notebooks’
	at cucumber.runtime.StepDefinitionMatch.arityMismatch(StepDefinitionMatch.java:102)
	at cucumber.runtime.StepDefinitionMatch.transformedArgs(StepDefinitionMatch.java:60)
	at cucumber.runtime.StepDefinitionMatch.runStep(StepDefinitionMatch.java:37)
	at cucumber.runtime.Runtime.runStep(Runtime.java:300)
	at cucumber.runtime.model.StepContainer.runStep(StepContainer.java:44)
	at cucumber.runtime.model.StepContainer.runSteps(StepContainer.java:39)
	at cucumber.runtime.model.CucumberScenario.run(CucumberScenario.java:44)
	at cucumber.runtime.junit.ExecutionUnitRunner.run(ExecutionUnitRunner.java:102)
	at cucumber.runtime.junit.FeatureRunner.runChild(FeatureRunner.java:63)
	at cucumber.runtime.junit.FeatureRunner.runChild(FeatureRunner.java:18)
	at org.junit.runners.ParentRunner$4.run(ParentRunner.java:331)
	at org.junit.runners.ParentRunner$1.schedule(ParentRunner.java:79)
	at org.junit.runners.ParentRunner.runChildren(ParentRunner.java:329)
	at org.junit.runners.ParentRunner.access$100(ParentRunner.java:66)
	at org.junit.runners.ParentRunner$2.evaluate(ParentRunner.java:293)
	at org.junit.runners.ParentRunner$3.evaluate(ParentRunner.java:306)
	at org.junit.runners.ParentRunner.run(ParentRunner.java:413)
	at cucumber.runtime.junit.FeatureRunner.run(FeatureRunner.java:70)
	at cucumber.api.junit.Cucumber.runChild(Cucumber.java:95)
	at cucumber.api.junit.Cucumber.runChild(Cucumber.java:38)
	at org.junit.runners.ParentRunner$4.run(ParentRunner.java:331)
	at org.junit.runners.ParentRunner$1.schedule(ParentRunner.java:79)
	at org.junit.runners.ParentRunner.runChildren(ParentRunner.java:329)
	at org.junit.runners.ParentRunner.access$100(ParentRunner.java:66)
	at org.junit.runners.ParentRunner$2.evaluate(ParentRunner.java:293)
	at org.junit.internal.runners.statements.RunAfters.evaluate(RunAfters.java:27)
	at org.junit.runners.ParentRunner$3.evaluate(ParentRunner.java:306)
	at org.junit.runners.ParentRunner.run(ParentRunner.java:413)
	at cucumber.api.junit.Cucumber.run(Cucumber.java:100)
	at org.junit.runner.JUnitCore.run(JUnitCore.java:137)
	at com.intellij.junit4.JUnit4IdeaTestRunner.startRunnerWithArgs(JUnit4IdeaTestRunner.java:69)
	at com.intellij.rt.junit.IdeaTestRunner$Repeater$1.execute(IdeaTestRunner.java:38)
	at com.intellij.rt.execution.junit.TestsRepeater.repeat(TestsRepeater.java:11)
	at com.intellij.rt.junit.IdeaTestRunner$Repeater.startRunnerWithArgs(IdeaTestRunner.java:35)
	at com.intellij.rt.junit.JUnitStarter.prepareStreamsAndStart(JUnitStarter.java:235)
	at com.intellij.rt.junit.JUnitStarter.main(JUnitStarter.java:54)
</pre></pre></td>
                                                    </tr>
                                        </tbody>
                                    </table>
                                </div>
                            </div>
                        </li>
                        <li class='exception displayed active'>
                            <div class='exception-heading'>
                                <span class='exception-name'>org.openqa.selenium.NoSuchElementException</span>
                                <span class='exception-count right'><span class='label red lighten-1 white-text'>4</span></span>
                            </div>
                            <div class='exception-content hide'>
                                <div class='exception-tests'>
                                    <table class='bordered table-results'>
                                        <thead>
                                        <tr>
                                            <th>Timestamp</th>
                                            <th>TestName</th>
                                            <th>Status</th>
                                        </tr>
                                        </thead>
                                        <tbody>
                                                    <tr>
                                                        <td>Dec 19, 2022 03:50:25 PM</td>
                                                        <td class='linked' test-id='32'>TopMenu Test.verifyUserShouldNavigateToComponentsPageSuccessfully.Then Verify the text ‘Components’</td>
                                                        <td><pre><pre>org.openqa.selenium.NoSuchElementException: no such element: Unable to locate element: {"method":"xpath","selector":"//h2[contains(text(),'Components')]"}
  (Session info: chrome=108.0.5359.125)
For documentation on this error, please visit: https://selenium.dev/exceptions/#no_such_element
Build info: version: '4.6.0', revision: '79f1c02ae20'
System info: os.name: 'Windows 10', os.arch: 'amd64', os.version: '10.0', java.version: '1.8.0_121'
Driver info: org.openqa.selenium.chrome.ChromeDriver
Command: [ee55f7b5b5f10119a37ca6fc5beeabc3, findElement {using=xpath, value=//h2[contains(text(),'Components')]}]
Capabilities {acceptInsecureCerts: false, browserName: chrome, browserVersion: 108.0.5359.125, chrome: {chromedriverVersion: 108.0.5359.71 (1e0e3868ee06..., userDataDir: C:\Users\viren\AppData\Loca...}, goog:chromeOptions: {debuggerAddress: localhost:52684}, networkConnectionEnabled: false, pageLoadStrategy: normal, platformName: WINDOWS, proxy: Proxy(), se:cdp: ws://localhost:52684/devtoo..., se:cdpVersion: 108.0.5359.125, setWindowRect: true, strictFileInteractability: false, timeouts: {implicit: 0, pageLoad: 300000, script: 30000}, unhandledPromptBehavior: dismiss and notify, webauthn:extension:credBlob: true, webauthn:extension:largeBlob: true, webauthn:virtualAuthenticators: true}
Session ID: ee55f7b5b5f10119a37ca6fc5beeabc3
	at sun.reflect.NativeConstructorAccessorImpl.newInstance0(Native Method)
	at sun.reflect.NativeConstructorAccessorImpl.newInstance(NativeConstructorAccessorImpl.java:62)
	at sun.reflect.DelegatingConstructorAccessorImpl.newInstance(DelegatingConstructorAccessorImpl.java:45)
	at java.lang.reflect.Constructor.newInstance(Constructor.java:423)
	at org.openqa.selenium.remote.codec.w3c.W3CHttpResponseCodec.createException(W3CHttpResponseCodec.java:200)
	at org.openqa.selenium.remote.codec.w3c.W3CHttpResponseCodec.decode(W3CHttpResponseCodec.java:133)
	at org.openqa.selenium.remote.codec.w3c.W3CHttpResponseCodec.decode(W3CHttpResponseCodec.java:53)
	at org.openqa.selenium.remote.HttpCommandExecutor.execute(HttpCommandExecutor.java:184)
	at org.openqa.selenium.remote.service.DriverCommandExecutor.invokeExecute(DriverCommandExecutor.java:167)
	at org.openqa.selenium.remote.service.DriverCommandExecutor.execute(DriverCommandExecutor.java:142)
	at org.openqa.selenium.remote.RemoteWebDriver.execute(RemoteWebDriver.java:541)
	at org.openqa.selenium.remote.ElementLocation$ElementFinder$2.findElement(ElementLocation.java:162)
	at org.openqa.selenium.remote.ElementLocation.findElement(ElementLocation.java:60)
	at org.openqa.selenium.remote.RemoteWebDriver.findElement(RemoteWebDriver.java:365)
	at org.openqa.selenium.remote.RemoteWebDriver.findElement(RemoteWebDriver.java:357)
	at org.openqa.selenium.support.pagefactory.DefaultElementLocator.findElement(DefaultElementLocator.java:70)
	at org.openqa.selenium.support.pagefactory.internal.LocatingElementHandler.invoke(LocatingElementHandler.java:39)
	at com.sun.proxy.$Proxy24.getText(Unknown Source)
	at com.tutorialsninja.demo.utility.Utility.getTextFromElement(Utility.java:62)
	at com.tutorialsninja.demo.pages.HomePage.getVerifyText2(HomePage.java:74)
	at com.tutorialsninja.demo.cucumber.steps.HomePageSteps.verifyTheTextComponents(HomePageSteps.java:58)
	at ✽.Then Verify the text ‘Components’(homepage.feature:18)
</pre></pre></td>
                                                    </tr>
                                                    <tr>
                                                        <td>Dec 19, 2022 03:51:22 PM</td>
                                                        <td class='linked' test-id='48'>Laptop And Notebooks Test.verifyThatUserPlaceOrderSuccessfully().And Verify the text "Shopping Cart</td>
                                                        <td><pre><pre>org.openqa.selenium.NoSuchElementException: no such element: Unable to locate element: {"method":"xpath","selector":"//h2[contains(text(),'Laptops & Notebooks')]"}
  (Session info: chrome=108.0.5359.125)
For documentation on this error, please visit: https://selenium.dev/exceptions/#no_such_element
Build info: version: '4.6.0', revision: '79f1c02ae20'
System info: os.name: 'Windows 10', os.arch: 'amd64', os.version: '10.0', java.version: '1.8.0_121'
Driver info: org.openqa.selenium.chrome.ChromeDriver
Command: [fd309abecc32ca0aa10c5eec4e3edfce, findElement {using=xpath, value=//h2[contains(text(),'Laptops & Notebooks')]}]
Capabilities {acceptInsecureCerts: false, browserName: chrome, browserVersion: 108.0.5359.125, chrome: {chromedriverVersion: 108.0.5359.71 (1e0e3868ee06..., userDataDir: C:\Users\viren\AppData\Loca...}, goog:chromeOptions: {debuggerAddress: localhost:52743}, networkConnectionEnabled: false, pageLoadStrategy: normal, platformName: WINDOWS, proxy: Proxy(), se:cdp: ws://localhost:52743/devtoo..., se:cdpVersion: 108.0.5359.125, setWindowRect: true, strictFileInteractability: false, timeouts: {implicit: 0, pageLoad: 300000, script: 30000}, unhandledPromptBehavior: dismiss and notify, webauthn:extension:credBlob: true, webauthn:extension:largeBlob: true, webauthn:virtualAuthenticators: true}
Session ID: fd309abecc32ca0aa10c5eec4e3edfce
	at sun.reflect.NativeConstructorAccessorImpl.newInstance0(Native Method)
	at sun.reflect.NativeConstructorAccessorImpl.newInstance(NativeConstructorAccessorImpl.java:62)
	at sun.reflect.DelegatingConstructorAccessorImpl.newInstance(DelegatingConstructorAccessorImpl.java:45)
	at java.lang.reflect.Constructor.newInstance(Constructor.java:423)
	at org.openqa.selenium.remote.codec.w3c.W3CHttpResponseCodec.createException(W3CHttpResponseCodec.java:200)
	at org.openqa.selenium.remote.codec.w3c.W3CHttpResponseCodec.decode(W3CHttpResponseCodec.java:133)
	at org.openqa.selenium.remote.codec.w3c.W3CHttpResponseCodec.decode(W3CHttpResponseCodec.java:53)
	at org.openqa.selenium.remote.HttpCommandExecutor.execute(HttpCommandExecutor.java:184)
	at org.openqa.selenium.remote.service.DriverCommandExecutor.invokeExecute(DriverCommandExecutor.java:167)
	at org.openqa.selenium.remote.service.DriverCommandExecutor.execute(DriverCommandExecutor.java:142)
	at org.openqa.selenium.remote.RemoteWebDriver.execute(RemoteWebDriver.java:541)
	at org.openqa.selenium.remote.ElementLocation$ElementFinder$2.findElement(ElementLocation.java:162)
	at org.openqa.selenium.remote.ElementLocation.findElement(ElementLocation.java:60)
	at org.openqa.selenium.remote.RemoteWebDriver.findElement(RemoteWebDriver.java:365)
	at org.openqa.selenium.remote.RemoteWebDriver.findElement(RemoteWebDriver.java:357)
	at org.openqa.selenium.support.pagefactory.DefaultElementLocator.findElement(DefaultElementLocator.java:70)
	at org.openqa.selenium.support.pagefactory.internal.LocatingElementHandler.invoke(LocatingElementHandler.java:39)
	at com.sun.proxy.$Proxy24.getText(Unknown Source)
	at com.tutorialsninja.demo.utility.Utility.getTextFromElement(Utility.java:62)
	at com.tutorialsninja.demo.pages.LaptopsAndNotebooks.getVerifyCart(LaptopsAndNotebooks.java:219)
	at com.tutorialsninja.demo.cucumber.steps.LaptopAndNoteBooksSteps.verifyTheTextShoppingCart(LaptopAndNoteBooksSteps.java:76)
	at ✽.And Verify the text "Shopping Cart(laptopandnotebooks.feature:19)
</pre></pre></td>
                                                    </tr>
                                                    <tr>
                                                        <td>Dec 19, 2022 03:52:57 PM</td>
                                                        <td class='linked' test-id='87'>My Account Test.verifyThatUserRegisterAccountSuccessfully().And Click on Continue button</td>
                                                        <td><pre><pre>org.openqa.selenium.NoSuchElementException: no such element: Unable to locate element: {"method":"xpath","selector":"//input[@id='button-payment-method']"}
  (Session info: chrome=108.0.5359.125)
For documentation on this error, please visit: https://selenium.dev/exceptions/#no_such_element
Build info: version: '4.6.0', revision: '79f1c02ae20'
System info: os.name: 'Windows 10', os.arch: 'amd64', os.version: '10.0', java.version: '1.8.0_121'
Driver info: org.openqa.selenium.chrome.ChromeDriver
Command: [c05f702731ea9854777d2c58edc23f84, findElement {using=xpath, value=//input[@id='button-payment-method']}]
Capabilities {acceptInsecureCerts: false, browserName: chrome, browserVersion: 108.0.5359.125, chrome: {chromedriverVersion: 108.0.5359.71 (1e0e3868ee06..., userDataDir: C:\Users\viren\AppData\Loca...}, goog:chromeOptions: {debuggerAddress: localhost:52845}, networkConnectionEnabled: false, pageLoadStrategy: normal, platformName: WINDOWS, proxy: Proxy(), se:cdp: ws://localhost:52845/devtoo..., se:cdpVersion: 108.0.5359.125, setWindowRect: true, strictFileInteractability: false, timeouts: {implicit: 0, pageLoad: 300000, script: 30000}, unhandledPromptBehavior: dismiss and notify, webauthn:extension:credBlob: true, webauthn:extension:largeBlob: true, webauthn:virtualAuthenticators: true}
Session ID: c05f702731ea9854777d2c58edc23f84
	at sun.reflect.NativeConstructorAccessorImpl.newInstance0(Native Method)
	at sun.reflect.NativeConstructorAccessorImpl.newInstance(NativeConstructorAccessorImpl.java:62)
	at sun.reflect.DelegatingConstructorAccessorImpl.newInstance(DelegatingConstructorAccessorImpl.java:45)
	at java.lang.reflect.Constructor.newInstance(Constructor.java:423)
	at org.openqa.selenium.remote.codec.w3c.W3CHttpResponseCodec.createException(W3CHttpResponseCodec.java:200)
	at org.openqa.selenium.remote.codec.w3c.W3CHttpResponseCodec.decode(W3CHttpResponseCodec.java:133)
	at org.openqa.selenium.remote.codec.w3c.W3CHttpResponseCodec.decode(W3CHttpResponseCodec.java:53)
	at org.openqa.selenium.remote.HttpCommandExecutor.execute(HttpCommandExecutor.java:184)
	at org.openqa.selenium.remote.service.DriverCommandExecutor.invokeExecute(DriverCommandExecutor.java:167)
	at org.openqa.selenium.remote.service.DriverCommandExecutor.execute(DriverCommandExecutor.java:142)
	at org.openqa.selenium.remote.RemoteWebDriver.execute(RemoteWebDriver.java:541)
	at org.openqa.selenium.remote.ElementLocation$ElementFinder$2.findElement(ElementLocation.java:162)
	at org.openqa.selenium.remote.ElementLocation.findElement(ElementLocation.java:60)
	at org.openqa.selenium.remote.RemoteWebDriver.findElement(RemoteWebDriver.java:365)
	at org.openqa.selenium.remote.RemoteWebDriver.findElement(RemoteWebDriver.java:357)
	at com.tutorialsninja.demo.utility.Utility.clickOnElement(Utility.java:46)
	at com.tutorialsninja.demo.pages.LaptopsAndNotebooks.clickContinue(LaptopsAndNotebooks.java:350)
	at com.tutorialsninja.demo.cucumber.steps.LaptopAndNoteBooksSteps.clickOnContinueButton2(LaptopAndNoteBooksSteps.java:204)
	at ✽.And Click on Continue button(myaccount.feature:28)
</pre></pre></td>
                                                    </tr>
                                                    <tr>
                                                        <td>Dec 19, 2022 03:53:22 PM</td>
                                                        <td class='linked' test-id='101'>My Account Test.verifyThatUserShouldLoginAndLogoutSuccessfully().And Click on My Account Link5</td>
                                                        <td><pre><pre>org.openqa.selenium.NoSuchElementException: no such element: Unable to locate element: {"method":"xpath","selector":"//form[contains(@action,'login')]//input[@type='submit']"}
  (Session info: chrome=108.0.5359.125)
For documentation on this error, please visit: https://selenium.dev/exceptions/#no_such_element
Build info: version: '4.6.0', revision: '79f1c02ae20'
System info: os.name: 'Windows 10', os.arch: 'amd64', os.version: '10.0', java.version: '1.8.0_121'
Driver info: org.openqa.selenium.chrome.ChromeDriver
Command: [dfe2bc075c74a7f38bbb538de5f103d9, findElement {using=xpath, value=//form[contains(@action,'login')]//input[@type='submit']}]
Capabilities {acceptInsecureCerts: false, browserName: chrome, browserVersion: 108.0.5359.125, chrome: {chromedriverVersion: 108.0.5359.71 (1e0e3868ee06..., userDataDir: C:\Users\viren\AppData\Loca...}, goog:chromeOptions: {debuggerAddress: localhost:52877}, networkConnectionEnabled: false, pageLoadStrategy: normal, platformName: WINDOWS, proxy: Proxy(), se:cdp: ws://localhost:52877/devtoo..., se:cdpVersion: 108.0.5359.125, setWindowRect: true, strictFileInteractability: false, timeouts: {implicit: 0, pageLoad: 300000, script: 30000}, unhandledPromptBehavior: dismiss and notify, webauthn:extension:credBlob: true, webauthn:extension:largeBlob: true, webauthn:virtualAuthenticators: true}
Session ID: dfe2bc075c74a7f38bbb538de5f103d9
	at sun.reflect.NativeConstructorAccessorImpl.newInstance0(Native Method)
	at sun.reflect.NativeConstructorAccessorImpl.newInstance(NativeConstructorAccessorImpl.java:62)
	at sun.reflect.DelegatingConstructorAccessorImpl.newInstance(DelegatingConstructorAccessorImpl.java:45)
	at java.lang.reflect.Constructor.newInstance(Constructor.java:423)
	at org.openqa.selenium.remote.codec.w3c.W3CHttpResponseCodec.createException(W3CHttpResponseCodec.java:200)
	at org.openqa.selenium.remote.codec.w3c.W3CHttpResponseCodec.decode(W3CHttpResponseCodec.java:133)
	at org.openqa.selenium.remote.codec.w3c.W3CHttpResponseCodec.decode(W3CHttpResponseCodec.java:53)
	at org.openqa.selenium.remote.HttpCommandExecutor.execute(HttpCommandExecutor.java:184)
	at org.openqa.selenium.remote.service.DriverCommandExecutor.invokeExecute(DriverCommandExecutor.java:167)
	at org.openqa.selenium.remote.service.DriverCommandExecutor.execute(DriverCommandExecutor.java:142)
	at org.openqa.selenium.remote.RemoteWebDriver.execute(RemoteWebDriver.java:541)
	at org.openqa.selenium.remote.ElementLocation$ElementFinder$2.findElement(ElementLocation.java:162)
	at org.openqa.selenium.remote.ElementLocation.findElement(ElementLocation.java:60)
	at org.openqa.selenium.remote.RemoteWebDriver.findElement(RemoteWebDriver.java:365)
	at org.openqa.selenium.remote.RemoteWebDriver.findElement(RemoteWebDriver.java:357)
	at org.openqa.selenium.support.pagefactory.DefaultElementLocator.findElement(DefaultElementLocator.java:70)
	at org.openqa.selenium.support.pagefactory.internal.LocatingElementHandler.invoke(LocatingElementHandler.java:39)
	at com.sun.proxy.$Proxy24.click(Unknown Source)
	at com.tutorialsninja.demo.utility.Utility.clickOnElement(Utility.java:51)
	at com.tutorialsninja.demo.pages.MyAccount.clickOnLogin(MyAccount.java:165)
	at com.tutorialsninja.demo.cucumber.steps.MyAccountSteps.clickOnMyAccountLink5(MyAccountSteps.java:152)
	at ✽.And Click on My Account Link5(myaccount.feature:45)
</pre></pre></td>
                                                    </tr>
                                        </tbody>
                                    </table>
                                </div>
                            </div>
                        </li>
                </ul>
        </div>
    </div>

    <div class='subview-right left'>
        <div class='view-summary'>
            <h5 class='exception-name'></h5>
        </div>
    </div>
</div>
<!-- exception view -->
<div id='dashboard-view' class='view hide'>
	<div class='card-panel transparent np-v'>
		<h5>Dashboard</h5>

		<div class='row'>
			<div class='col s2'>
				<div class='card-panel r'>
					Features
					<div class='panel-lead'>4</div>
				</div>
			</div>
			<div class='col s2'>
				<div class='card-panel r'>
					Scenarios
					<div class='panel-lead'>10</div>
				</div>
			</div>
			<div class='col s2'>
				<div class='card-panel r'>
					Steps
					<div class='panel-lead'>90</div>
				</div>
			</div>
			<div class='col s2'>
				<div class='card-panel r'>
					Start
					<div class='panel-lead'>Dec 19, 2022 03:50:06 PM</div>
				</div>
			</div>
			<div class='col s2'>
				<div class='card-panel r'>
			 		End
			 		<div class='panel-lead'>Dec 19, 2022 03:54:03 PM</div>
				</div>
			</div>
			<div class='col s2'>
				<div class='card-panel r'>
					Time Taken
					<div class='panel-lead'>237,147ms</div>
				</div>
			</div>
			<div class='col s4'>
				<div class='card-panel dashboard-environment'>
					<span class='right label cyan white-text'>Environment</span><p>&nbsp;</p>
					
					<table>
						<tr>
							<th>Name</th>
							<th>Value</th>
						</tr>
							<tr>
								<td>User Name</td>
								<td>viren</td>
							</tr>
							<tr>
								<td>Time Zone</td>
								<td>Europe/London</td>
							</tr>
							<tr>
								<td>Machine</td>
								<td>Windows 1064 Bit</td>
							</tr>
							<tr>
								<td>Selenium</td>
								<td>3.141.59</td>
							</tr>
							<tr>
								<td>Maven</td>
								<td>3.5.9</td>
							</tr>
							<tr>
								<td>Java Version</td>
								<td>1.8.0_151</td>
							</tr>
					</table>
				</div>
			</div>
		</div>
	</div>
</div>
<!-- dashboard view -->
<!-- testrunner-logs view -->
		</div>
		<!-- container -->

		<script>
			var statusGroup = {
				passParent: 0,
				failParent: 4,
				fatalParent: 0,
				errorParent: 0,
				warningParent: 0,
				skipParent: 0,
				exceptionsParent: 4,
				
				passChild: 4,
				failChild: 6,
				fatalChild: 0,
				errorChild: 0,
				warningChild: 0,
				skipChild: 0,
				infoChild: 0,
				exceptionsChild: 6,
				
				passGrandChild: 51,
				failGrandChild: 6,
				fatalGrandChild: 0,
				errorGrandChild: 0,
				warningGrandChild: 0,
				skipGrandChild: 33,
				infoGrandChild: 0,
				exceptionsGrandChild: 39,
			};
		</script>
		
			<script src='https://cdn.rawgit.com/anshooarora/extentreports-java/fca20fb7653aade98810546ab96a2a4360e3e712/dist/js/extent.js' type='text/javascript'></script>
		
		
 		<script type='text/javascript'>
 			
            
        $(document).ready(function() {

        });
      
        
 		</script>
	</body>
	
</html>
